[    0.000000] Initializing cgroup subsys cpuset
[    0.000000] Initializing cgroup subsys cpu
[    0.000000] Initializing cgroup subsys cpuacct
[    0.000000] Linux version 4.4.0-159-generic (buildd@lgw01-amd64-042) (gcc version 5.4.0 20160609 (Ubuntu 5.4.0-6ubuntu1~16.04.10) ) #187-Ubuntu SMP Thu Aug 1 16:28:06 UTC 2019 (Ubuntu 4.4.0-159.187-generic 4.4.185)
[    0.000000] Command line: BOOT_IMAGE=/boot/vmlinuz-4.4.0-159-generic root=LABEL=cloudimg-rootfs ro console=tty1 console=ttyS0
[    0.000000] KERNEL supported cpus:
[    0.000000]   Intel GenuineIntel
[    0.000000]   AMD AuthenticAMD
[    0.000000]   Centaur CentaurHauls
[    0.000000] x86/fpu: Legacy x87 FPU detected.
[    0.000000] e820: BIOS-provided physical RAM map:
[    0.000000] BIOS-e820: [mem 0x0000000000000000-0x000000000009fbff] usable
[    0.000000] BIOS-e820: [mem 0x000000000009fc00-0x000000000009ffff] reserved
[    0.000000] BIOS-e820: [mem 0x00000000000f0000-0x00000000000fffff] reserved
[    0.000000] BIOS-e820: [mem 0x0000000000100000-0x000000002cfeffff] usable
[    0.000000] BIOS-e820: [mem 0x000000002cff0000-0x000000002cffffff] ACPI data
[    0.000000] BIOS-e820: [mem 0x00000000fec00000-0x00000000fec00fff] reserved
[    0.000000] BIOS-e820: [mem 0x00000000fee00000-0x00000000fee00fff] reserved
[    0.000000] BIOS-e820: [mem 0x00000000fffc0000-0x00000000ffffffff] reserved
[    0.000000] NX (Execute Disable) protection: active
[    0.000000] SMBIOS 2.5 present.
[    0.000000] Hypervisor detected: KVM
[    0.000000] e820: last_pfn = 0x2cff0 max_arch_pfn = 0x400000000
[    0.000000] MTRR: Disabled
[    0.000000] x86/PAT: MTRRs disabled, skipping PAT initialization too.
[    0.000000] CPU MTRRs all blank - virtualized system.
[    0.000000] x86/PAT: Configuration [0-7]: WB  WT  UC- UC  WB  WT  UC- UC  
[    0.000000] found SMP MP-table at [mem 0x0009fff0-0x0009ffff] mppped at [ffff88000009fff0]
[    0.000000] Scanning 1 areas for low memory corruption
[    0.000000] RAMDISK: [mem 0x2b961000-0x2c7dcfff]
[    0.000000] ACPI: Early table checksum verification disabled
[    0.000000] ACPI: RSDP 0x00000000000E0000 000024 (v02 VBOX  )
[    0.000000] ACPI: XSDT 0x000000002CFF0030 00003C (v01 VBOX   VBOXXSDT 00000001 ASL  00000061)
[    0.000000] ACPI: FACP 0x000000002CFF00F0 0000F4 (v04 VBOX   VBOXFACP 00000001 ASL  00000061)
[    0.000000] ACPI: DSDT 0x000000002CFF0470 0021FF (v02 VBOX   VBOXBIOS 00000002 INTL 20180105)
[    0.000000] ACPI: FACS 0x000000002CFF0200 000040
[    0.000000] ACPI: FACS 0x000000002CFF0200 000040
[    0.000000] ACPI: APIC 0x000000002CFF0240 000054 (v02 VBOX   VBOXAPIC 00000001 ASL  00000061)
[    0.000000] ACPI: SSDT 0x000000002CFF02A0 0001CC (v01 VBOX   VBOXCPUT 00000002 INTL 20180105)
[    0.000000] No NUMA configuration found
[    0.000000] Faking a node at [mem 0x0000000000000000-0x000000002cfeffff]
[    0.000000] NODE_DATA(0) allocated [mem 0x2cfeb000-0x2cfeffff]
[    0.000000] kvm-clock: Using msrs 4b564d01 and 4b564d00
[    0.000000] kvm-clock: cpu 0, msr 0:2cfe3001, primary cpu clock
[    0.000000] kvm-clock: using sched offset of 7682020570 cycles
[    0.000000] clocksource: kvm-clock: mask: 0xffffffffffffffff max_cycles: 0x1cd42e4dffb, max_idle_ns: 881590591483 ns
[    0.000000] Zone ranges:
[    0.000000]   DMA      [mem 0x0000000000001000-0x0000000000ffffff]
[    0.000000]   DMA32    [mem 0x0000000001000000-0x000000002cfeffff]
[    0.000000]   Normal   empty
[    0.000000]   Device   empty
[    0.000000] Movable zone start for each node
[    0.000000] Early memory node ranges
[    0.000000]   node   0: [mem 0x0000000000001000-0x000000000009efff]
[    0.000000]   node   0: [mem 0x0000000000100000-0x000000002cfeffff]
[    0.000000] Initmem setup node 0 [mem 0x0000000000001000-0x000000002cfeffff]
[    0.000000] ACPI: PM-Timer IO Port: 0x4008
[    0.000000] IOAPIC[0]: apic_id 1, version 32, address 0xfec00000, GSI 0-23
[    0.000000] ACPI: INT_SRC_OVR (bus 0 bus_irq 0 global_irq 2 dfl dfl)
[    0.000000] ACPI: INT_SRC_OVR (bus 0 bus_irq 9 global_irq 9 low level)
[    0.000000] Using ACPI (MADT) for SMP configuration information
[    0.000000] smpboot: Allowing 1 CPUs, 0 hotplug CPUs
[    0.000000] PM: Registered nosave memory: [mem 0x00000000-0x00000fff]
[    0.000000] PM: Registered nosave memory: [mem 0x0009f000-0x0009ffff]
[    0.000000] PM: Registered nosave memory: [mem 0x000a0000-0x000effff]
[    0.000000] PM: Registered nosave memory: [mem 0x000f0000-0x000fffff]
[    0.000000] e820: [mem 0x2d000000-0xfebfffff] available for PCI devices
[    0.000000] Booting paravirtualized kernel on KVM
[    0.000000] clocksource: refined-jiffies: mask: 0xffffffff max_cycles: 0xffffffff, max_idle_ns: 7645519600211568 ns
[    0.000000] setup_percpu: NR_CPUS:512 nr_cpumask_bits:512 nr_cpu_ids:1 nr_node_ids:1
[    0.000000] PERCPU: Embedded 34 pages/cpu @ffff88002cc00000 s99544 r8192 d31528 u2097152
[    0.000000] Built 1 zonelists in Node order, mobility grouping on.  Total pages: 181304
[    0.000000] Policy zone: DMA32
[    0.000000] Kernel command line: BOOT_IMAGE=/boot/vmlinuz-4.4.0-159-generic root=LABEL=cloudimg-rootfs ro console=tty1 console=ttyS0
[    0.000000] PID hash table entries: 4096 (order: 3, 32768 bytes)
[    0.000000] Memory: 690660K/736824K available (8618K kernel code, 1335K rwdata, 4032K rodata, 1488K init, 1284K bss, 46164K reserved, 0K cma-reserved)
[    0.000000] SLUB: HWalign=64, Order=0-3, MinObjects=0, CPUs=1, Nodes=1
[    0.000000] Kernel/User page tables isolation: enabled
[    0.000000] Hierarchical RCU implementation.
[    0.000000] 	Build-time adjustment of leaf fanout to 64.
[    0.000000] 	RCU restricting CPUs from NR_CPUS=512 to nr_cpu_ids=1.
[    0.000000] RCU: Adjusting geometry for rcu_fanout_leaf=64, nr_cpu_ids=1
[    0.000000] NR_IRQS:33024 nr_irqs:256 16
[    0.000000] Console: colour VGA+ 80x25
[    0.000000] console [tty1] enabled
[    0.000000] console [ttyS0] enabled
[    0.000000] tsc: Detected 2992.498 MHz processor
[    0.715280] Calibrating delay loop (skipped) preset value.. 5984.99 BogoMIPS (lpj=11969992)
[    0.718302] pid_max: default: 32768 minimum: 301
[    0.719902] ACPI: Core revision 20150930
[    0.722598] ACPI: 2 ACPI AML tables successfully acquired and loaded
[    0.724855] Security Framework initialized
[    0.726352] Yama: becoming mindful.
[    0.727756] AppArmor: AppAroor initialized
[    0.799416] Dentry cache hash table entries: 131072 (order: 8, 1048576 bytes)
[    0.801916] Inode-cache hash table entries: 65536 (order: 7, 524288 bytes)
[    0.804219] Mount-cache hash table entries: 2048 (order: 2, 16384 bytes)
[    0.806381] Mountpoint-cache hash table entries: 2048 (order: 2, 16384 bytes)
[    0.808945] Initializing cgroup subsys io
[    0.810421] Initializing cgroup subsys memory
[    0.811964] Initializing cgroup subsys devices
[    0.813541] Initializing cgroup subsys freezer
[    0.815091] Initializing cgroup subsys net_cls
[    0.816663] Initializing cgroup subsys perf_event
[    0.818266] Initializing cgroup subsys net_prio
[    0.829861] Initializing cgroup subsys hugetlb
[    0.831403] Initializing cgroup subsys pids
[    0.833028] mce: CPU supports 0 MCE banks
[    0.834518] process: using mwait in idle threads
[    0.836145] Last level iTLB entries: 4KB 128, 2MB 4, 4MB 4
[    0.837923] Last level dTLB entries: 4KB 256, 2MB 0, 4MB 32, 1GB 0
[    0.900711] Spectre V1 : Mitigation: usercopy/swapgs barriers and __user pointer sanitization
[    0.903622] Spectre V2 : Mitigation: Full generic retpoline
[    09905449] Spectre V2 : Spectre v2 / SpectreRSB mitigation: Filling RSB on context switch
[    1.007110] Speculative Store Bypass: Vulnerable
[    1.009508] MDS: Vulnerable: Clear CPU buffers attempted, no microcode
[    1.638574] Freeing SMP alternatives memory: 36K
[    1.734529] ftrace: allocating 32318 entries in 127 pages
[    1.856019] smpboot: APIC(0) Converting physical 0 to logical package 0
[    1.940655] smpboot: Max logical packages: 1
[    1.942912] x2apic enabled
[    1.960244] Switched APIC routing to physical x2apic.
[    1.964298] ..TIMER: vector=0x30 apic1=0 pin1=2 apic2=-1 pin2=-1
[    2.035891] APIC calibration not consistent with PM-Timer: 244ms instead of 100ms
[    2.038575] APIC delta adjusted to PM-Timer: 6249984 (15250840)
[    2.050538] smpboot: CPU0: Intel(R) Core(TM)2 Duo CPU     E8400  @ 3.00GHz (family: 0x6, model: 0x17, stepping: 0xa)
[    2.054222] Performance Events: unsupported p6 CPU model 23 no PMU driver, software events only.
[    2.262356] KVM setup paravirtual spinlock
[    2.271635] x86: Booted up 1 node, 1 CPUs
[    2.273116] smpboot: Total of 1 processors activated (5984.99 BogoMIPS)
[    2.285924] devtmpfs: initialized
[    2.289631] evm: security.selinux
[    2.290921] evm: security.SMACK64
[    2.292237] evm: security.SMACK64EXEC
[    2.293595] evm: security.SMACK64TRANSMUTE
[    2.346591] evm: security.SMACK64MMAP
[    2.347956] evm: security.ima
[    2.349176] evm: security.capability
[    2.350739] clocksource: jiffies: mask: 0xffffffff max_cycles: 0xffffffff, max_idle_ns: 7645041785100000 ns
[    2.354020] futex hash table entries: 256 (order: 2, 16384 bytes)
[    2.356084] pinctrl core: initialized pinctrl subsystem
[    2.357995] RTC time: 16:11:48, date: 08/23/19
[    2.361628] NET: Registered protocol family 16
[    2.390292] cpuidle: using governor ladder
[    2.450950] cpuidle: using governor menu
[    2.452383] PCCT header not found.
[    2.453777] ACPI: bus type PCI registered
[    2.455214] acpiphp: ACPI Hot Plug PCI Controller Driver version: 0.5
[    2.457372] PCI: Using configuration type 1 for base access
[    2.460795] ACPI: Added _OSI(Module Device)
[    2.462298] ACPI: Added _OSI(Processor Device)
[    2.463832] ACPI: Added _OSI(3.0 _SCP Extensions)
[    2.465442] ACPI: Added _OSI(Processor Aggregator Device)
[    2.467952] ACPI: Executed 1 blocks of module-level executable AML code
[    2.472520] ACPI: Interpreter enabled
[    2.473892] ACPI: (supports S0 S5)
[    2.475206] ACPI: Using IOAPIC for interrupt routing
[    2.477049] PCI: Using host bridge windows from ACPI; if necessary, use "pci=nocrs" and report a bug
[    2.484577] ACPI: PCI Root Bridge [PCI0] (domain 0000 [bus 00-ff])
[    2.486518] acpi PNP0A03:00: _OSC: OS supports [ASPM ClockPM Segments MSI]
[    2.488682] acpi PNP0A03:00: _OSC: not requesting OS control; OS requires [ExtendedConfig ASPM ClockPM MSI]
[    2.491896] acpi PNP0A03:00: fail to add MMCONFIG information, can't access extended PCI configuration space under this bridge.
[    2.495899] PCI host bridge to bus 0000:00
[    2.497368] pci_bus 0000:00: root bus resource [io  0x0000-0x0cf7 window]
[    2.555189] pci_bus 0000:00: root bus resource [io  0x0d00-0xffff window]
[    2.557263] pci_bus 0000:00: root bus resource [mem 0x000a0000-0x000bffff window]
[    2.560114] pci_bus 0000:00: root bus resource [mem 0x2d000000-0xfdffffff window]
[    2.562819] pci_bus 0000:00: root bus resource [bus 00-ff]
[    2.566966] pci 0000:00:01.1: legacy IDE quirk: reg 0x10: [io  0x01f0-0x01f7]
[    2.590008] pci 0000:00:01.1: legacy IDE quirk: reg 0x14: [io  0x03f6]
[    2.592033] pci 0000:00:01.1: legacy IDE quirk: reg 0x18: [io  0x0170-0x0177]
[    2.594199] pci 0000:00:01.1: legacy IDE quirk: reg 0x1c: [io  0x0376]
[    2.674414] pci 0000:00:07.0: quirk: [io  0x4000-0x403f] claimed by PIIX4 ACPI
[    2.767115] pci 0000:00:07.0: quirk: [io  0x4100-0x410f] claimed by PIIX4 SMB
[    2.777025] ACPI: PCI Interrupt Link [LNKA] (IRQs 5 9 10 *11)
[    2.803102] ACPI: PCI Interrupt Link [LNKB] (IRQs 5 9 *10 11)
[    2.872022] ACPI: PCI Interrupt Link [LNKC] (IRQs 5 *9 10 11)
[    2.874551] ACPI: PCI Interrupt Link [LNKD] (IRQs 5 9 10 *11)
[    2.877187] ACPI: Enabled 2 GPEs in block 00 to 07
[    2.879763] vgaarb: setting as boot device: PCI:0000:00:02.0
[    2.881689] vgaarb: device added: PCI:0000:00:02.0,decodes=io+mem,owns=io+mem,locks=none
[    2.911463] vgaarb: loaded
[    2.912633] vgaarb: bridge control possible 0000:00:02.0
[    2.981062] SCSI subsystem initialized
[    2.982867] ACPI: bus type USB registered
[    2.984400] usbcore: registered new interface driver usbfs
[    2.990148] usbcore: registered new interface driver hub
[    2.991943] usbcore: registered new device driver usb
[    2.993937] PCI: Using ACPI for IRQ routing
[    2.996193] NetLabel: Initializing
[    3.020000] NetLabel:  domain hash size = 128
[    3.021517] NetLabel:  protocols = UNLABELED CIPSOv4
[    3.023251] NetLabel:  unlabeled traffic allowed by default
[    3.090477] amd_nb: Cannot enumerate AMD northbridges
[    3.110491] clocksource: Switched to clocksource kvm-clock
[    3.202819] AppArmor: AppArmor Filesystem Enabled
[    3.220489] pnp: PnP ACPI init
[    3.223683] pnp: PnP ACPI: found 3 devices
[    3.307706] clocksource: acpi_pm: mask: 0xffffff max_cycles: 0xffffff, max_idle_ns: 2085701024 ns
[    3.330610] NET: Registered protocol family 2
[    3.332688] TCP established hash table entries: 8192 (order: 4, 65536 bytes)
[    3.334916] TCP bind hash table entries: 8192 (order: 5, 131072 bytes)
[    3.395834] TCP: Hash tables configured (established 8192 bind 8192)
[    3.398932] UDP hash table entries: 512 (order: 2, 16384 bytes)
[    3.426071] UDP-Lite hash table entries: 512 (order: 2, 16384 bytes)
[    3.436004] NET: Registered protocol family 1
[    3.439900] pci 0000:00:00.0: Limiting direct PCI/PCI transfers
[    3.499846] pci 0000:00:01.0: Activating ISA DMA hang workarounds
[    3.503030] Unpacking initramfs...
[    3.937491] Freeing initrd memory: 14832K
[    3.950315] clocksource: tsc: mask: 0xffffffffffffffff max_cycles: 0x2b2296bc2b9, max_idle_ns: 440795321505 ns
[    4.011266] platform rtc_cmos: registered platform RTC device (no PNP device found)
[    4.014114] Scanning for low memory corruption every 60 seconds
[    4.016428] audit: initializing netlink subsys (disabled)
[    4.018256] audit: type=2000 audit(1566576716.970:1): initialized
[    4.020603] Initialise system trusted keyring
[    4.022285] HugeTLB registered 2 MB page size, pre-allocated 0 pages
[    4.025895] zbud: loaded
[    4.027307] VFS: Disk quotas dquot_6.6.0
[    4.028821] VFS: Dquot-cache hash table entries: 512 (order 0, 4096 bytes)
[    4.031224] squashfs: version 4.0 (2009/01/31) Phillip Lougher
[    4.051092] fuse init (API version 7.23)
[    4.052684] Key type big_key registered
[    4.054104] Allocating IMA MOK and blacklist keyrings.
[    4.056331] Key type asymmetric registered
[    4.057808] Asymmetric key parser 'x509' registered
[    4.115348] Block layer SCSI generic (bsg) driver version 0.4 loaded (major 249)
[    4.118070] io scheduler noop registered
[    4.119542] io scheduler deadline registered (default)
[    4.140256] io scheduler cfq registered
[    4.141813] pci_hotplug: PCI Hot Plug PCI Core version: 0.5
[    4.143652] pciehp: PCI Express Hot Plug Controller Driver version: 0.4
[    4.160833] ACPI: AC Adapter [AC] (on-line)
[    4.162398] input: Power Button as /devices/LNXSYSTM:00/LNXPWRBN:00/input/input0
[    4.215984] ACPI: Power Button [PWRF]
[    4.220131] input: Sleep Button as /devices/LNXSYSTM:00/LNXSLPBN:00/input/input1
[    4.222782] ACPI: Sleep Button [SLPF]
[    4.224392] GHES: HEST is not enabled!
[    4.225922] Serial: 8250/16550 driver, 32 ports, IRQ sharing enabled
[    4.253643] 00:02: ttyS0 at I/O 0x3f8 (irq = 4, base_baud = 115200) is a 16550A
[    4.257779] Linux agpgart interface v0.103
[    4.260823] loop: module loaded
[    4.262950] scsi host0: ata_piix
[    4.264368] scsi host1: ata_piix
[    4.265694] ata1: PATA max UDMA/33 cmd 0x1f0 ctl 0x3f6 bmdma 0xd000 irq 14
[    4.318572] ata2: PATA max UDMA/33 cmd 0x170 ctl 0x376 bmdma 0xd008 irq 15
[    4.351544] libphy: Fixed MDIO Bus: probed
[    4.440023] tun: Universal TUN/TAP device driver, 1.6
[    4.441762] tun: (C) 1999-2004 Max Krasnyansky <maxk@qualcomm.com>
[    4.443849] PPP generic driver version 2.4.2
[    4.445483] ehci_hcd: USB 2.0 'Enhanced' Host Controller (EHCI) Driver
[    4.447568] ehci-pci: EHCI PCI platform driver
[    4.530198] ehci-platform: EHCI generic platform driver
[    4.559705] ohci_hcd: USB 1.1 'Open' Host Controller (OHCI) Driver
[    4.630969] ohci-pci: OHCI PCI platform driver
[    4.632700] ohci-platform: OHCI generic platform driver
[    4.637449] uhci_hcd: USB Universal Host Controller Interface driver
[    4.653392] i8042: PNP: PS/2 Controller [PNP0303:PS2K,PNP0f03:PS2M] at 0x60,0x64 irq 1,12
[    4.659556] serio: i8042 KBD port at 0x60,0x64 irq 1
[    4.666995] serio: i8042 AUX port at 0x60,0x64 irq 12
[    4.668882] mousedev: PS/2 mouse device common for all mice
[    4.671128] input: AT Translated Set 2 keyboard as /devices/platform/i8042/serio0/input/input2
[    4.681539] rtc_cmos rtc_cmos: rtc core: registered rtc_cmos as rtc0
[    4.683646] rtc_cmos rtc_cmos: alarms up to one day, 114 bytes nvram
[    4.685625] i2c /dev entries driver
[    4.687009] device-mapper: uevent: version 1.0.3
[    4.732732] device-mapper: ioctl: 4.34.0-ioctl (2015-10-28) initialised: dm-devel@redhat.com
[    4.835334] ledtrig-cpu: registered to indicate activity on CPUs
[    4.837711] NET: Registered protocol family 10
[    4.880649] NET: Registered protocol family 17
[    4.882206] Key type dns_resolver registered
[    4.947451] registered taskstats version 1
[    4.948974] Loading compiled-in X.509 certificates
[    4.971297] Loaded X.509 cert 'Build time autogenerated kernel key: d14182f9795b80ec340f636a5a08bf5817ccd8e7'
[    4.974598] zswap: loaded using pool lzo/zbud
[    4.988046] Key type trusted registered
[    5.068816] Key type encrypted registered
[    5.070337] AppArmor: AppArmor sha1 policy hashing enabled
[    5.072166] ima: No TPM chip found, activating TPM-bypass!
[    5.073961] ima: Allocated hash algorithm: sha1
[    5.075570] evm: HMAC attrs: 0x1
[    5.077233]   Magic number: 15:55:187
[    5.078762] rtc_cmos rtc_cmos: setting system clock to 2019-08-23 16:11:50 UTC (1566576710)
[    5.081744] BIOS EDD facility v0.16 2004-Jun-25, 0 devices found
[    5.083660] EDD information not available.
[    5.090143] Freeing unused kernel memory: 1488K
[    5.102529] Write protecting the kernel read-only data: 14336k
[    5.152284] Freeing unused kernel memory: 1608K
[    5.154128] Freeing unused kernel memory: 64K
Loading, please wait...
starting version[    5.380748] random: systemd-udevd: uninitialized urandom read (16 bytes read, 4 bits of entropy available)
 229
[    5.478963] random: udevadm: uninitialized urandom read (16 bytes read, 4 bits of entropy available)
[    5.491823] random: udevadm: uninitialized urandom read (16 bytes read, 4 bits of entropy available)
[    5.565779] random: systemd-udevd: uninitialized urandom read (16 bytes read, 4 bits of entropy available)
[    5.571912] random: systemd-udevd: uninitialized urandom read (16 bytes read, 4 bits of entropy available)
[    5.578760] random: systemd-udevd: uninitialized urandom read (16 bytes read, 4 bits of entropy available)
[    5.601930] random: systemd-udevd: uninitialized urandom read (16 bytes read, 4 bits of entropy available)
[    5.697520] random: udevadm: uninitialized urandom read (16 bytes read, 4 bits of entropy available)
[    5.773873] random: systemd-udevd: uninitialized urandom read (16 bytes read, 4 bits of entropy available)
[    5.777216] random: systemd-udevd: uninitialized urandom read (16 bytes read, 4 bits of entropy available)
[    6.644284] e1000: Intel(R) PRO/1000 Network Driver - version 7.3.21-k8-NAPI
[    6.706441] e1000: Copyright (c) 1999-2006 Intel Corporation.
[    6.714852] Fusion MPT base driver 3.04.20
[    6.716377] Copyright (c) 1999-2008 LSI Corporation
[    6.746673] Fusion MPT SPI Host driver 3.04.20
[    7.040893] input: ImExPS/2 Generic Explorer Mouse as /devices/platform/i8042/serio1/input/input4
[    8.099480] e1000 0000:00:03.0 eth0: (PCI:33MHz:32-bit) 02:6a:5b:40:72:6f
[    8.102617] e1000 0000:00:03.0 eth0: Intel(R) PRO/1000 Network Connection
[    8.113707] e1000 0000:00:03.0 enp0s3: renamed from eth0
[    8.116367] mptbase: ioc0: Initiating bringup
[    8.178959] ioc0: LSI53C1030 A0: Capabilities={Initiator}
[    8.356123] scsi host2: ioc0: LSI53C1030 A0, FwRev=00000000h, Ports=1, MaxQ=256, IRQ=20
[    8.483557] scsi 2:0:0:0: Direct-Access     VBOX     HARDDISK         1.0  PQ: 0 ANSI: 5
[    8.491480] scsi target2:0:0: Beginning Domain Validation
[    8.494195] scsi target2:0:0: Domain Validation skipping write tests
[    8.496180] scsi target2:0:0: Ending Domain Validation
[    8.497931] scsi target2:0:0: asynchronous
[    8.499795] scsi 2:0:1:0: Direct-Access     VBOX     HARDDISK         1.0  PQ: 0 ANSI: 5
[    8.502603] scsi target2:0:1: Beginning Domain Validation
[    8.505487] scsi target2:0:1: Domain Validation skipping write tests
[    8.507462] scsi target2:0:1: Ending Domain Validation
[    8.509241] scsi target2:0:1: asynchronous
[    8.516053] sd 2:0:0:0: Attached scsi generic sg0 type 0
[    8.517869] sd 2:0:0:0: [sda] 20971520 512-byte logical blocks: (10.7 GB/10.0 GiB)
[    8.532855] sd 2:0:1:0: Attached scsi generic sg1 type 0
[    8.570754] sd 2:0:1:0: [sdb] 20480 512-byte logical blocks: (10.5 MB/10.0 MiB)
[    8.573577] sd 2:0:0:0: [sda] Write Protect is off
[    8.596877] sd 2:0:1:0: [sdb] Write Protect is off
[    8.598623] sd 2:0:1:0: [sdb] Incomplete mode parameter data
[    8.600521] sd 2:0:1:0: [sdb] Assuming drive cache: write through
[    8.671280] sd 2:0:0:0: [sda] Incomplete mode parameter data
[    8.673105] sd 2:0:0:0: [sda] Assuming drive cache: write through
[    8.691956]  sda: sda1
[    8.694334] sd 2:0:0:0: [sda] Attached SCSI disk
[    8.714664] sd 2:0:1:0: [sdb] Attached SCSI disk
Begin: Loading essential drivers ... [   11.975253] md: linear personality registered for level -1
[   12.048937] md: multipath personality registered for level -4
[   12.076741] md: raid0 personality registered for level 0
[   12.165520] md: raid1 personality registered for level 1
[   12.336507] raid6: sse2x1   gen()  1777 MB/s
[   12.439863] raid6: sse2x1   xor()  3101 MB/s
[   12.544317] raid6: sse2x2   gen()  4255 MB/s
[   12.649367] raid6: sse2x2   xor()  4729 MB/s
[   12.754286] raid6: sse2x4   gen()  6781 MB/s
[   12.859372] raid6: sse2x4   xor()  5340 MB/s
[   12.860962] raid6: using algorithm sse2x4 gen() 6781 MB/s
[   12.862737] raid6: .... xor() 5340 MB/s, rmw enabled
[   12.864420] raid6: using ssse3x2 recovery algorithm
[   12.888962] xor: measuring software checksum speed
[   13.098702]    prefetch64-sse: 30100.000 MB/sec
[   13.296008]    generic_sse: 26730.000 MB/sec
[   13.320284] xor: using function: prefetch64-sse (30100.000 MB/sec)
[   13.388883] async_tx: api initialized (async)
[   13.596533] md: raid6 personality registered for level 6
[   13.600431] md: raid5 personality registered for level 5
[   13.602205] md: raid4 personality registered for level 4
[   13.717539] md: raid10 personality registered for level 10
done.
Begin: Running /scripts/init-premount ... done.
Begin: Mounting root file system ... Begin: Running /scripts/local-top ... done.
Begin: Running /scripts/local-premount ... [   14.128810] Btrfs loaded
Scanning for Btrfs filesystems
done.
Warning: fsck not present, so skipping root file system
[   14.564640] EXT4-fs (sda1): mounted filesystem with ordered data mode. Opts: (null)
done.
Begin: Running /scripts/local-bottom ... done.
Begin: Running /scripts/init-bottom ... done.
[   15.379276] random: nonblocking pool is initialized
[   15.557876] systemd[1]: systemd 229 running in system mode. (+PAM +AUDIT +SELINUX +IMA +APPARMOR +SMACK +SYSVINIT +UTMP +LIBCRYPTSETUP +GCRYPT +GNUTLS +ACL +XZ -LZ4 +SECCOMP +BLKID +ELFUTILS +KMOD -IDN)
[   15.656777] systemd[1]: Detected virtualization oracle.
[   15.658525] systemd[1]: Detected architecture x86-64.

Welcome to [1mUbuntu 16.04.6 LTS[0m!

[   15.690300] systemd[1]: Set hostname to <ubuntu>.
[   15.715573] systemd[1]: Initializing machine ID from random generator.
[   15.717772] systemd[1]: Installed transient /etc/machine-id file.
[   17.018129] systemd[1]: Listening on Journal Audit Socket.
[[0;32m  OK  [0m] Listening on Journal Audit Socket.
[   17.032972] systemd[1]: Listening on udev Control Socket.
[[0;32m  OK  [0m] Listening on udev Control Socket.
[   17.042555] systemd[1]: Set up automount Arbitrary Executable File Formats File System Automount Point.
[[0;32m  OK  [0m] Set up automount Arbitrary Executab...ats File System Automount Point.
[   17.048394] systemd[1]: Started Trigger resolvconf update for networkd DNS.
[[0;32m  OK  [0m] Started Trigger resolvconf update for networkd DNS.
[   17.098483] systemd[1]: Listening on udev Kernel Socket.
[[0;32m  OK  [0m] Listening on udev Kernel Socket.
[   17.112376] systemd[1]: Listening on Syslog Socket.
[[0;32m  OK  [0m] Listening on Syslog Socket.
[   17.116159] systemd[1]: Listening on LVM2 poll daemon socket.
[[0;32m  OK  [0m] Listening on LVM2 poll daemon socket.
[   17.120727] systemd[1]: Reached target Encrypted Volumes.
[[0;32m  OK  [0m] Reached target Encrypted Volumes.
[   17.124719] systemd[1]: Listening on Device-mapper event daemon FIFOs.
[[0;32m  OK  [0m] Listening on Device-mapper event daemon FIFOs.
[   17.130191] systemd[1]: Created slice User and Session Slice.
[[0;32m  OK  [0m] Created slice User and Session Slice.
[   17.134119] systemd[1]: Reached target System Time Synchronized.
[[0;32m  OK  [0m] Reached target System Time Synchronized.
[   17.138131] systemd[1]: Reached target Swap.
[[0;32m  OK  [0m] Reached target Swap.
[   17.141733] systemd[1]: Listening on Journal Socket.
[[0;32m  OK  [0m] Listening on Journal Socket.
[   17.145370] systemd[1]: Reached target User and Group Name Lookups.
[[0;32m  OK  [0m] Reached target User and Group Name Lookups.
[   17.200247] systemd[1]: Listening on LVM2 metadata daemon socket.
[[0;32m  OK  [0m] Listening on LVM2 metadata daemon socket.
[   17.204697] systemd[1]: Started Forward Password Requests to Wall Directory Watch.
[[0;32m  OK  [0m] Started Forward Password Requests to Wall Directory Watch.
[   17.211129] systemd[1]: Listening on Journal Socket (/dev/log).
[[0;32m  OK  [0m] Listening on Journal Socket (/dev/log).
[   17.216195] systemd[1]: Created slice System Slice.
[[0;32m  OK  [0m] Created slice System Slice.
[   17.224606] systemd[1]: Starting Uncomplicated firewall...
         Starting Uncomplicated firewall...
[   17.239324] systemd[1]: Starting Journal Service...
         Starting Journal Service...
[   17.327178] systemd[1]: Starting Load Kernel Modules...
         Starting Load Kernel Modules...
[   17.429702] systemd[1]: Starting Remount Root and Kernel File Systems...
         Starting Remount Root and Kernel File Systems...
[   17.539329] systemd[1]: Starting Monitoring of LVM2 mirrors, snapshots etc. using dmeventd or progress polling...
[   17.555293] EXT4-fs (sda1): re-mounted. Opts: (null)
         Starting Monitoring of LVM2 mirrors... dmeventd or progress polling...
[   17.621099] systemd[1]: Mounting Huge Pages File System...
         Mounting Huge Pages File System...
[   17.737819] Loading iSCSI transport class v2.0-870.
[   17.831232] systemd[1]: Starting Nameserver information manager...
[   17.865093] iscsi: registered transport (tcp)
         Starting Nameserver information manager...
[   17.939943] systemd[1]: Reached target Slices.
[[0;32m  OK  [0m] Reached target Slices.
[   18.029714] systemd[1]: Starting Set console keymap...
         Starting Set console keymap...
[   18.075564] systemd[1]: Mounting Debug File System...
         Mounting Debug File System...
[   18.263677] systemd[1]: Mounting POSIX Message Queue File System...
         Mounting POSIX Message Queue File System...
[   18.456322] systemd[1]: Listening on /dev/initctl Compatibility Named Pipe.
[[0;32m  OK  [0m] Listening on /dev/initctl Compatibility Named Pipe.
[   18.480599] systemd[1]: Created slice system-serial\x2dgetty.slice.
[[0;32m  OK  [0m] Created slice system-serial\x2dgetty.slice.
[   18.652088] systemd[1]: Starting Create list of required static device nodes for the current kernel...
         Starting Create list of required st... nodes for the current kernel...
[   18.685816] systemd[1]: Mounted Huge Pages File System.
[[0;32m  OK  [0m] Mounted Huge Pages File System.
[   18.779011] systemd[1]: Mounted POSIX Message Queue File System.
[[0;32m  OK  [0m] Mounted POSIX Message Queue File System.
[   18.783316] systemd[1]: Mounted Debug File System.
[   18.898915] iscsi: registered transport (iser)
[[0;32m  OK  [0m] Mounted Debug File System.
[   18.986683] systemd[1]: Started Journal Service.
[[0;32m  OK  [0m] Started Journal Service.
[[0;32m  OK  [0m] Started Uncomplicated firewall.
[[0;32m  OK  [0m] Started Remount Root and Kernel File Systems.
[[0;32m  OK  [0m] Started Create list of required sta...ce nodes for the current kernel.
[[0;32m  OK  [0m] Started Load Kernel Modules.
[[0;32m  OK  [0m] Started Set console keymap.
[[0;32m  OK  [0m] Started Nameserver information manager.
[[0;32m  OK  [0m] Started LVM2 metadata daemon.
         Starting Apply Kernel Variables...
         Mounting FUSE Control File System...
         Starting Create Static Device Nodes in /dev...
         Starting udev Coldplug all Devices...
         Starting Load/Save Random Seed...
         Starting Flush Journal to Persistent Storage...
[[0;32m  OK  [0m] Mounted FUSE Control File System.
[[0;32m  OK  [0m] Started Apply Kernel Variables.
[[0;32m  OK  [0m] Started Load/Save Random Seed.
[[0;32m  OK  [0m] Started Monitoring of LVM2 mirrors,...ng dmeventd or progress polling.
[[0;32m  OK  [0m] Started Create Static Device Nodes in /dev.
[[0;32m  OK  [0m] Started Flush Journal to Persistent Storage.
         Starting udev Kernel Device Manager...
[[0;32m  OK  [0m] Reached target Local File Systems (Pre).
[[0;32m  OK  [0m] Reached target Local File Systems.
         Starting Tell Plymouth To Write Out Runtime Data...
         Starting Set console font and keymap...
         Starting Commit a transient machine-id on disk...
         Starting Initial cloud-init job (pre-networking)...
         Starting Create Volatile Files and Directories...
         Starting LSB: AppArmor initialization...
[[0;32m  OK  [0m] Started Tell Plymouth To Write Out Runtime Data.
[[0;32m  OK  [0m] Started Commit a transient machine-id on disk.
[[0;32m  OK  [0m] Started udev Kernel Device Manager.
[[0;32m  OK  [0m] Started Create Volatile Files and Directories.
         Starting Update UTMP about System Boot/Shutdown...
[[0;32m  OK  [0m] Started Update UTMP about System Boot/Shutdown.
[[0;32m  OK  [0m] Started udev Coldplug all Devices.
[[0;32m  OK  [0m] Started Dispatch Password Requests to Console Directory Watch.
[[0;32m  OK  [0m] Found device /dev/ttyS0.
[[0;32m  OK  [0m] Listening on Load/Save RF Kill Switch Status /dev/rfkill Watch.
[[0;32m  OK  [0m] Started LSB: AppArmor initialization.
[[0;32m  OK  [0m] Started Initial cloud-init job (pre-networking).
[   34.028580] cloud-init[470]: Cloud-init v. 19.1-1-gbaa47854-0ubuntu1~16.04.1 running 'init-local' at Fri, 23 Aug 2019 16:12:17 +0000. Up 29.47 seconds.
[[0;32m  OK  [0m] Reached target Network (Pre).
         Starting Raise network interfaces...
[[0;32m  OK  [0m] Started Set console font and keymap.
[[0;32m  OK  [0m] Created slice system-getty.slice.
[[0;32m  OK  [0m] Started Raise network interfaces.
         Starting Initial cloud-init job (metadata service crawler)...
[[0;32m  OK  [0m] Reached target Network.
[   46.833942] cloud-init[946]: Cloud-init v. 19.1-1-gbaa47854-0ubuntu1~16.04.1 running 'init' at Fri, 23 Aug 2019 16:12:29 +0000. Up 42.07 seconds.
[   46.909887] cloud-init[946]: ci-info: ++++++++++++++++++++++++++++++++++++++Net device info++++++++++++++++++++++++++++++++++++++
[   46.918268] cloud-init[946]: ci-info: +--------+------+----------------------------+---------------+--------+-------------------+
[   46.929159] cloud-init[946]: ci-info: | Device |  Up  |          Address           |      Mask     | Scope  |     Hw-Address    |
[   46.945191] cloud-init[946]: ci-info: +--------+------+----------------------------+---------------+--------+-------------------+
[   46.996852] cloud-init[946]: ci-info: | enp0s3 | True |         10.0.2.15          | 255.255.255.0 | global | 02:6a:5b:40:72:6f |
[   47.002288] cloud-init[946]: ci-info: | enp0s3 | True | fe80::6a:5bff:fe40:726f/64 |       .       |  link  | 02:6a:5b:40:72:6f |
[   47.007882] cloud-init[946]: ci-info: |   lo   | True |         127.0.0.1          |   255.0.0.0   |  host  |         .         |
[   47.014244] cloud-init[946]: ci-info: |   lo   | True |          ::1/128           |       .       |  host  |         .         |
[   47.019789] cloud-init[946]: ci-info: +--------+------+----------------------------+---------------+--------+-------------------+
[   47.025179] cloud-init[946]: ci-info: +++++++++++++++++++++++++++Route IPv4 info++++++++++++++++++++++++++++
[   47.030144] cloud-init[946]: ci-info: +-------+-------------+----------+---------------+-----------+-------+
[   47.035473] cloud-init[946]: ci-info: | Route | Destination | Gateway  |    Genmask    | Interface | Flags |
[   47.045209] cloud-init[946]: ci-info: +-------+-------------+----------+---------------+-----------+-------+
[   47.057304] cloud-init[946]: ci-info: |   0   |   0.0.0.0   | 10.0.2.2 |    0.0.0.0    |   enp0s3  |   UG  |
[   47.240984] cloud-init[946]: ci-info: |   1   |   10.0.2.0  | 0.0.0.0  | 255.255.255.0 |   enp0s3  |   U   |
[   47.309573] cloud-init[946]: ci-info: +-------+-------------+----------+---------------+-----------+-------+
[[0;32m  OK  [0m] Started Initial cloud-init job (metadata service crawler).
[   47.368097] cloud-init[946]: ci-info: +++++++++++++++++++Route IPv6 info+++++++++++++++++++
[   47.388909] cloud-init[946]: ci-info: +-------+-------------+---------+-----------+-------+[[0;32m  OK  [0m] Reached target System Initialization.
[[0;32m  OK  [0m] Listening on UUID daemon activation socket.
[[0;32m  OK  [0m] Listening on D-Bus System Message Bus Socket.

[   47.420301] cloud-init[946]: ci-info: | Route | Destination | Gateway | Interface | Flags |
[   47.448391] cloud-init[946]: ci-info: +-------+-------------+---------+-----------+-------+
         Starting LXD - unix socket.
[   47.455770] cloud-init[946]: ci-info: |   0   |  fe80::/64  |    ::   |   enp0s3  |   U   |
[[0;32m  OK  [0m] Started ACPI Events Check.
[[0;32m  OK  [0m] Reached target Paths.
[   47.501783] cloud-init[946]: ci-info: |   4   |   ff00::/8  |    ::   |   enp0s3  |   U   |
[[0;32m  OK  [0m] Started Daily apt download activities.
[[0;32m  OK  [0m] Started Daily apt upgrade and clean activities.
[   47.527726] cloud-init[946]: ci-info: +-------+-------------+---------+-----------+-------+
[   47.543374] cloud-init[946]: Generating public/private rsa key pair.
[   47.546219] cloud-init[946]: Your identification has been saved in /etc/ssh/ssh_host_rsa_key.
         Starting Socket activation for snappy daemon.
[   47.555600] cloud-init[[0;32m  OK  [0m] Listening on ACPID Listen Socket.
[946]: Your public key has been saved in /etc/ssh/ssh_host_rsa_key.pub.[[0;32m  OK  [0m] Started Daily Cleanup of Temporary Directories.
[[0;32m  OK  [0m] Reached target Timers.
[[0;32m  OK  [0m] Reached target Cloud-config availability.
[[0;32m  OK  [0m] Reached target Network is Online.
         Starting iSCSI initiator daemon (iscsid)...
[[0;32m  OK  [0m] Listening on LXD - unix socket.

[[0;32m  OK  [0m] Listening on Socket activation for snappy daemon.
[   47.658875] cloud-init[946]: The key fingerprint is:
[   47.677816] [[0;32m  OK  [0m] Reached target Sockets.
[[0;32m  OK  [0m] Reached target Basic System.
         Starting System Logging Service...
cloud-init[946]: SHA256:Byx14z3OeJYtPw+eFsuELH5pAGMWk9tEmC5f+ZxNs48 root@ubuntu-xenial
[[0;32m  OK  [0m] Started Deferred execution scheduler.[   47.878894] cloud-init[946]: The key's randomart image is:
[   47.880503] cloud-init[946]: +---[RSA 2048]----+
[   47.880726] cloud-init[946]: |        .=+      |
[   47.880954] cloud-init[946]: |       o*o.o     |
[   47.881216] cloud-init[946]: |      ..o*..o    |
[   47.881758] cloud-init[946]: |      ..B.++ +o  |
[   47.882037] cloud-init[946]: |       =S+o+B=.o |
[   47.882283] cloud-init[946]: |        ..oo*o=  |
[   47.882515] cloud-init[946]: |         . o ++= |
[   47.882734] cloud-init[946]: |          . +.E=.|
[   47.882954] cloud-init[946]: |           o .o .|
[   47.883188] cloud-init[946]: +----[SHA256]-----+
[   47.883542] cloud-init[946]: Generating public/private dsa key pair.
[   47.883766] cloud-init[946]: Your identification has been saved in /etc/ssh/ssh_host_dsa_key.
[   47.884033] cloud-init[946]: Your public key has been saved in /etc/ssh/ssh_host_dsa_key.pub.
[   47.884251] cloud-init[946]: The key fingerprint is:
[   47.884481] cloud-init[946]: SHA256:Fk+8N9qjhW6nGD967oR7YN2b+Z4OiJ8v23CBRlxkT2I root@ubuntu-xenial

         Starting Pollinate to seed the pseudo random number generator...
[   47.884700] cloud-init[946]: The key's randomart image is:
[[0;32m  OK  [0m] Started ACPI event daemon.
[   48.289241] cloud-init[946]: +---[DSA 1024]----+
[   48.312915] cloud-init[946]: |           .E .  |
[   48.332981] cloud-init[946]: |         o + +   |
[   48.349867] cloud-init[946]: |        . =   .  |
[   48.350476] cloud-init[946]: |         = o     |
[   48.350698] cloud-init[946]: |        S.=.+    |
[   48.350917] cloud-init[946]: |       .o+.*.o   |
[   48.351132] cloud-init[946]: |       .+.* *+   |
[   48.351349] cloud-init[946]: |         O*B=o . |
[   48.351562] cloud-init[946]: |        +B@Bo+=  |
[   48.351782] cloud-init[946]: +----[SHA256]-----+
[   48.351995] cloud-init[946]: Generating public/private ecdsa key pair.
[[0;32m  OK  [0m] Started Regular background program processing daemon.
         [   48.375118] cloud-init[946]: Your identification has been saved in /etc/ssh/ssh_host_ecdsa_key.Starting Accounts Service...

[[0;32m  OK  [0m] Started D-Bus System Message Bus.
[   48.578665] cloud-init[946]: Your public key has been saved in /etc/ssh/ssh_host_ecdsa_key.pub.
[   48.670263] cloud-init[946]: The key fingerprint is:
[   48.673040] cloud-init[946]: SHA256:AlFrpOmec1vBMhYYyiL5wP9HQp/WK7w2IJIepmdR7wY root@ubuntu-xenial
[   48.696691] cloud-init[946]: The key's randomart image is:
[   48.704179] cloud-init[946]: +---[ECDSA 256]---+
[   48.776993] cloud-init[946]: |    o.o          |
[   48.787682] cloud-init[946]: |.o . B .         |
[   48.793987] cloud-init[946]: |=.o =.+          |
[   48.855107] cloud-init[946]: |.+..oo.oo        |
[   48.873218] cloud-init[946]: |  oo.o==S.       |
[   48.876536] cloud-init[946]: | =.oE+*+ ..      |
[   48.882764] cloud-init[946]: |+ o.=+o+..       |
[   48.893960] cloud-init[946]: |..o  o+=o        |
[   48.901023] cloud-init[946]: | o   .o..        |
[   48.909055] cloud-init[946]: +----[SHA256]-----+
[   48.962690] cloud-init[946]: Generating public/private ed25519 key pair.
[   48.981133] cloud-init[946]: Your identification has been saved in /etc/ssh/ssh_host_ed25519_key.
[   48.985467] cloud-init[946]: Your public key has been saved in /etc/ssh/ssh_host_ed25519_key.pub.
[   48.989582] cloud-init[946]: The key fingerprint is:
[   48.992614] cloud-init[946]: SHA256:mPkvtCk67ihKuxJ0sI4+obiiaJF9KkEQ4Sm6MWZNPRc root@ubuntu-xenial
[   48.997773] cloud-init[946]: The key's randomart image is:
[   49.001127] cloud-init[946]: +--[ED25519 256]--+
[   49.012503] cloud-init[946]: |oo     E         |
[   49.016353] cloud-init[946]: |o.. .   .        |
[   49.019722] cloud-init[946]: |ooo. o .         |
[   49.023626] cloud-init[946]: |o+o.  o+         |
[   49.064890] cloud-init[946]: |Oo+.  + S        |
[   49.083693] cloud-init[946]: |=X . . ..        |
[   49.092701] cloud-init[946]: |=o+ o  ..o       |
[   49.095802] cloud-init[946]: |O=.o. . +.       |
[   49.105811] cloud-init[946]: |@==o+o . ..      |
[   49.112150] cloud-init[946]: +----[SHA256]-----+
         Starting Snappy daemon...
         Starting Virtualbox guest utils...
         Starting Login Service...
         Starting /etc/rc.local Compatibility...
[[0;32m  OK  [0m] Started FUSE filesystem for LXC.
         Starting LSB: Record successful boot for GRUB...
         Starting LSB: MD monitoring daemon...
         Starting LXD - container startup/shutdown...
[[0;32m  OK  [0m] Started System Logging Service.
[[0;32m  OK  [0m] Started /etc/rc.local Compatibility.
[[0;32m  OK  [0m] Started Login Service.
[[0;32m  OK  [0m] Started Unattended Upgrades Shutdown.
         Starting Authenticate and Authorize Users to Run Privileged Tasks...
[[0;32m  OK  [0m] Started iSCSI initiator daemon (iscsid).
         Starting Login to default iSCSI targets...
[[0;32m  OK  [0m] Started LSB: Record successful boot for GRUB.
[[0;32m  OK  [0m] Started Login to default iSCSI targets.
[[0;32m  OK  [0m] Started LSB: MD monitoring daemon.
[[0;32m  OK  [0m] Reached target Remote File Systems (Pre).
[[0;32m  OK  [0m] Reached target Remote File Systems.
         Starting LSB: Set the CPU Frequency Scaling governor to "ondemand"...
         Starting LSB: daemon to balance interrupts for SMP systems...
         Starting LSB: automatic crash report generation...
         Starting Permit User Sessions...
[[0;32m  OK  [0m] Started Authenticate and Authorize Users to Run Privileged Tasks.
[[0;32m  OK  [0m] Started Accounts Service.
[[0;32m  OK  [0m] Started Permit User Sessions.
         Starting Hold until boot process finishes up...
         Starting Terminate Plymouth Boot Screen...
[[0;32m  OK  [0m] Started Terminate Plymouth Boot Screen.
[[0;32m  OK  [0m] Started LXD - container startup/shutdown.
[[0;32m  OK  [0m] Started Hold until boot process finishes up.
[[0;32m  OK  [0m] Started Getty on tty1.
[[0;32m  OK  [0m] Started Serial Getty on ttyS0.
[[0;32m  OK  [0m] Reached target Login Prompts.
         Starting Set console scheme...
[[0;32m  OK  [0m] Started Set console scheme.
[[0;32m  OK  [0m] Started LSB: Set the CPU Frequency Scaling governor to "ondemand".
[[0;32m  OK  [0m] Started Virtualbox guest utils.
[[0;32m  OK  [0m] Started LSB: daemon to balance interrupts for SMP systems.
[[0;32m  OK  [0m] Started LSB: automatic crash report generation.
[[0;32m  OK  [0m] Started Snappy daemon.
[[0;32m  OK  [0m] Started Pollinate to seed the pseudo random number generator.
         Starting OpenBSD Secure Shell server...
         Starting Wait until snapd is fully seeded...
[[0;32m  OK  [0m] Started OpenBSD Secure Shell server.
[[0;32m  OK  [0m] Created slice User Slice of vagrant.
[[0;32m  OK  [0m] Started Session 1 of user vagrant.
         Starting User Manager for UID 1000...
[[0;32m  OK  [0m] Started User Manager for UID 1000.

Ubuntu 16.04.6 LTS ubuntu-xenial ttyS0

ubuntu-xenial login: [   66.475901] cloud-init[1384]: Generating locales (this might take a while)...
[   73.629171] cloud-init[1384]:   en_US.UTF-8... done
[   73.630544] cloud-init[1384]: Generation complete.
[   77.383080] cloud-init[1384]: Cloud-init v. 19.1-1-gbaa47854-0ubuntu1~16.04.1 running 'modules:config' at Fri, 23 Aug 2019 16:12:52 +0000. Up 64.84 seconds.
ci-info: no authorized ssh keys fingerprints found for user ubuntu.
<14>Aug 23 16:13:08 ec2: 
<14>Aug 23 16:13:08 ec2: #############################################################
<14>Aug 23 16:13:08 ec2: -----BEGIN SSH HOST KEY FINGERPRINTS-----
<14>Aug 23 16:13:08 ec2: 1024 SHA256:Fk+8N9qjhW6nGD967oR7YN2b+Z4OiJ8v23CBRlxkT2I root@ubuntu-xenial (DSA)
<14>Aug 23 16:13:08 ec2: 256 SHA256:AlFrpOmec1vBMhYYyiL5wP9HQp/WK7w2IJIepmdR7wY root@ubuntu-xenial (ECDSA)
<14>Aug 23 16:13:08 ec2: 256 SHA256:mPkvtCk67ihKuxJ0sI4+obiiaJF9KkEQ4Sm6MWZNPRc root@ubuntu-xenial (ED25519)
<14>Aug 23 16:13:08 ec2: 2048 SHA256:Byx14z3OeJYtPw+eFsuELH5pAGMWk9tEmC5f+ZxNs48 root@ubuntu-xenial (RSA)
<14>Aug 23 16:13:08 ec2: -----END SSH HOST KEY FINGERPRINTS-----
<14>Aug 23 16:13:08 ec2: #############################################################
-----BEGIN SSH HOST KEY KEYS-----
ecdsa-sha2-nistp256 AAAAE2VjZHNhLXNoYTItbmlzdHAyNTYAAAAIbmlzdHAyNTYAAABBBFKPPvc1ESz5N7YvDCldGjWQiJhtdEcY51VDKXCfTXp5XsPpTwV7/UPaoa12HRunyop0+1iNbZq9mt8/TYN8HOY= root@ubuntu-xenial
ssh-ed25519 AAAAC3NzaC1lZDI1NTE5AAAAIPJj2t8WZosI+6UJb7cZ2PrUb0q/6HTdwWs3mvvC/a4/ root@ubuntu-xenial
ssh-rsa AAAAB3NzaC1yc2EAAAADAQABAAABAQCkVm57FMr73NEjU4gmgHYib7Gm31CLhK0FBpGp+IoqdCMHdMStP36AHmZQ6zZ/sjW9t/Hr0ZcCmS5Rhtq6/v5wKx8/sDr/OIIrBJiE9Ngn3gRfhgxZVT5T5Yt3jnNYpKMnWrJLKTtn/xAEDvQBykVKKxMNSo11cDpRu1dcR6oslcAHIujBWMgl+osqRTJeWrNPmI6k5hKAt9JEvTrhvLwGAzyEnj/+2JqNOVyPPpM+qLi5Z1rp2BIZe4OyaGJbSyJrpCf3JlFxaa4eDdAY6JxKx3MGprz5FkO8ro5e0pXG2aLTPOkNunTP2olSVrB1c69PUX0MZsuMSPj5xyIyx95d root@ubuntu-xenial
-----END SSH HOST KEY KEYS-----
[   81.795380] cloud-init[1560]: Cloud-init v. 19.1-1-gbaa47854-0ubuntu1~16.04.1 running 'modules:final' at Fri, 23 Aug 2019 16:13:07 +0000. Up 80.21 seconds.
[   81.965733] cloud-init[1560]: ci-info: no authorized ssh keys fingerprints found for user ubuntu.
[   81.966463] cloud-init[1560]: Cloud-init v. 19.1-1-gbaa47854-0ubuntu1~16.04.1 finished at Fri, 23 Aug 2019 16:13:09 +0000. Datasource DataSourceNoCloud [seed=/dev/sdb][dsmode=net].  Up 81.59 seconds
