[    0.000000] Initializing cgroup subsys cpuset
[    0.000000] Initializing cgroup subsys cpu
[    0.000000] Initializing cgroup subsys cpuacct
[    0.000000] Linux version 4.4.0-159-generic (buildd@lgw01-amd64-042) (gcc version 5.4.0 20160609 (Ubuntu 5.4.0-6ubuntu1~16.04.10) ) #187-Ubuntu SMP Thu Aug 1 16:28:06 UTC 2019 (Ubuntu 4.4.0-159.187-generic 4.4.185)
[    0.000000] Command line: BOOT_IMAGE=/boot/vmlinuz-4.4.0-159-generic root=LABEL=cloudimg-rootfs ro console=tty1 console=ttyS0
[    0.000000] KERNEL supported cpus:
[    0.000000]   Intel GenuineIntel
[    0.000000]   AMD AuthenticAMD
[    0.000000]   Centaur CentaurHauls
[    0.000000] x86/fpu: Legacy x87 FPU detected.
[    0.000000] e820: BIOS-provided physical RAM map:
[    0.000000] BIOS-e820: [mem 0x0000000000000000-0x000000000009fbff] usable
[    0.000000] BIOS-e820: [mem 0x000000000009fc00-0x000000000009ffff] reserved
[    0.000000] BIOS-e820: [mem 0x00000000000f0000-0x00000000000fffff] reserved
[    0.000000] BIOS-e820: [mem 0x0000000000100000-0x000000002cfeffff] usable
[    0.000000] BIOS-e820: [mem 0x000000002cff0000-0x000000002cffffff] ACPI data
[    0.000000] BIOS-e820: [mem 0x00000000fec00000-0x00000000fec00fff] reserved
[    0.000000] BIOS-e820: [mem 0x00000000fee00000-0x00000000fee00fff] reserved
[    0.000000] BIOS-e820: [mem 0x00000000fffc0000-0x00000000ffffffff] reserved
[    0.000000] NX (Execute Disable) protection: active
[    0.000000] SMBIOS 2.5 present.
[    0.000000] Hypervisor detected: KVM
[    0.000000] e820: last_pfn = 0x2cff0 max_arch_pfn = 0x400000000
[    0.000000] MTRR: Disabled
[    0.000000] x86/PAT: MTRRs disabled, skipping PAT initialization too.
[    0.000000] CPU MTRRs all blank - virtualized system.
[    0.000000] x86/PAT: Configuration [0-7]: WB  WT  UC- UC  WB  WT  UC- UC  
[    0.000000] found SMP MP-table at [mem 0x0009fff0-0x0009ffff] mapped at [ffff88000009fff0]
[    0.000000] Scanning 1 areas for low memory corruption
[    0.000000] RAMDISK: [mem 0x2b961000-0x2c7dcfff]
[    0.000000] ACPI: Early table checksum verification disabled
[    0.000000] ACPI: RSDP 0x00000000000E0000 000024 (v02 VBOX  )
[    0.000000] ACPI: XSDT 0x000000002CFF0030 00003C (v01 VBOX   VBOXXSDT 00000001 ASL  00000061)
[    0.000000] ACPI: FACP 0x000000002CFF00F0 0000F4 (v04 VBOX   VBOXFACP 00000001 ASL  00000061)
[    0.000000] ACPI: DSDT 0x000000002CFF0470 0021FF (v02 VBOX   VBOXBIOS 00000002 INTL 20180105)
[    0.000000] ACPI: FACS 0x000000002CFF0200 000040
[    0.000000] ACPI: FACS 0x000000002CFF0200 000040
[    0.000000] ACPI: APIC 0x000000002CFF0240 000054 (v02 VBOX   VBOXAPIC 00000001 ASL  00000061)
[    0.000000] ACPI: SSDT 0x000000002CFF02A0 0001CC (v01 VBOX   VBOXCPUT 00000002 INTL 20180105)
[    0.000000] No NUMA configuration found
[    0.000000] Faking a node at [mem 0x0000000000000000-0x000000002cfeffff]
[    0.000000] NODE_DATA(0) allocated [mem 0x2cfeb000-0x2cfeffff]
[    0.000000] kvm-clock: Using msrs 4b564d01 and 4b564d00
[    0.000000] kvm-clock: cpu 0, msr 0:2cfe3001, primary cpu clock
[    0.000000] kvm-clock: using sched offset of 7454361246 cycles
[    0.000000] clocksource: kvm-clock: mask: 0xffffffffffffffff max_cycles: 0x1cd42e4dffb, max_idle_ns: 881590591483 ns
[    0.000000] Zone ranges:
[    0.000000]   DMA      [mem 0x0000000000001000-0x0000000000ffffff]
[    0.000000]   DMA32    [mem 0x0000000001000000-0x000000002cfeffff]
[    0.000000]   Normal   empty
[    0.000000]   Device   empty
[    0.000000] Movable zone start for each node
[    0.000000] Early memory node ranges
[    0.000000]   node   0: [mem 0x0000000000001000-0x000000000009efff]
[    0.000000]   node   0: [mem 0x0000000000100000-0x000000002cfeffff]
[    0.000000] Initmem setup node 0 [mem 0x0000000000001000-0x000000002cfeffff]
[    0.000000] ACPI: PM-Timer IO Port: 0x4008
[    0.000000] IOAPIC[0]: apic_id 1, version 32, address 0xfec00000, GSI 0-23
[    0.000000] ACPI: INT_SRC_OVR (bus 0 bus_irq 0 global_irq 2 dfl dfl)
[    0.000000] ACPI: INT_SRC_OVR (bus 0 bus_irq 9 global_irq 9 low level)
[    0.000000] Using ACPI (MADT) for SMP configuration information
[    0.000000] smpboot: Allowing 1 CPUs, 0 hotplug CPUs
[    0.000000] PM: Registered nosave memory: [mem 0x00000000-0x00000fff]
[    0.000000] PM: Registered nosave memory: [mem 0x0009f000-0x0009ffff]
[    0.000000] PM: Registered nosave memory: [mem 0x000a0000-0x000effff]
[    0.000000] PM: Registered nosave memory: [mem 0x000f0000-0x000fffff]
[    0.000000] e820: [mem 0x2d000000-0xfebfffff] available for PCI devices
[    0.000000] Booting paravirtualized kernel on KVM
[    0.000000] clocksource: refined-jiffies: mask: 0xffffffff max_cycles: 0xffffffff, max_idle_ns: 7645519600211568 ns
[    0.000000] setup_percpu: NR_CPUS:512 nr_cpumask_bits:512 nr_cpu_ids:1 nr_node_ids:1
[    0.000000] PERCPU: Embedded 34 pages/cpu @ffff88002cc00000 s99544 r8192 d31528 u2097152
[    0.000000] Built 1 zonelists in Node order, mobility grouping on.  Total pages: 181304
[    0.000000] Policy zone: DMA32
[    0.000000] Kernel command line: BOOT_IMAGE=/boot/vmlinuz-4.4.0-159-generic root=LABEL=cloudimg-rootfs ro console=tty1 console=ttyS0
[    0.000000] PID hash table entries: 4096 (order: 3, 32768 bytes)
[    0.000000] Memory: 690660K/736824K available (8618K kernel code, 1335K rwdata, 4032K rodata, 1488K init, 1284K bss, 46164K reserved, 0K cma-reserved)
[    0.000000] SLUB: HWalign=64, Order=0-3, MinObjects=0, CPUs=1, Nodes=1
[    0.000000] Kernel/User page tables isolation: enabled
[    0.000000] Hierarchical RCU implementation.
[    0.000000] 	Build-time adjustment of leaf fanout to 64.
[    0.000000] 	RCU restricting CPUs from NR_CPUS=512 to nr_cpu_ids=1.
[    0.000000] RCU: Adjusting geometry for rcu_fanout_leaf=64, nr_cpu_ids=1
[    0.000000] NR_IRQS:33024 nr_irqs:256 16
[    0.000000] Console: colour VGA+ 80x25
[    0.000000] console [tty1] enabled
[    0.000000] console [ttyS0] enabled
[    0.000000] tsc: Detected 2992.498 MHz processor
[    0.515357] Calibrating delay loop (skipped) preset value.. 5984.99 BogoMIPS (lpj=11969992)
[    0.518376] pid_max: default: 32768 minimum: 301
[    0.519966] ACPI: Core revision 20150930
[    0.522650] ACPI: 2 ACPI AML tables successfully acquired and loaded
[    0.524895] Security Framework initialized
[    0.526383] Yama: becoming mindful.
[    0.527776] AppArmor: AppArmor initialized
[    0.529384] Dentry cache hash table entries: 131072 (order: 8, 1048576 bytes)
[    0.531903] Inode-cache hash table entries: 65536 (order: 7, 524288 bytes)
[    0.534155] Mount-cache hash table entries: 2048 (order: 2, 16384 bytes)
[    0.536245] Mountpoint-cache hash table entries: 2048 (order: 2, 16384 bytes)
[    0.538855] Initializing cgroup subsys io
[    0.540285] Initializing cgroup subsys memory
[    0.541844] Initializing cgroup subsys devices
[    0.543381] Initializing cgroup subsys freezer
[    0.544926] Initializing cgroup subsys net_cls
[    0.546496] Initializing cgroup subsys perf_event
[    0.548095] Initializing cgroup subsys net_prio
[    0.605289] Initializing cgroup subsys hugetlb
[    0.606826] Initializing cgroup subsys pids
[    0.608419] mce: CPU supports 0 MCE banks
[    0.609928] process: using mwait in idle threads
[    0.611506] Last level iTLB entries: 4KB 128, 2MB 4, 4MB 4
[    0.613311] Last level dTLB entries: 4KB 256, 2MB 0, 4MB 32, 1GB 0
[    0.615238] Spectre V1 : Mitigation: usercopy/swapgs barriers and __user pointer sanitization
[    0.618191] Spectre V2 : Mitigation: Full generic retpoline
[    0.620027] Spectre V2 : Spectre v2 / SpectreRSB mitigation: Filling RSB on context switch
[    0.622873] Speculative Store Bypass: Vulnerable
[    0.625234] MDS: Vulnerable: Clear CPU buffers attempted, no microcode
[    1.244415] Freeing SMP alternatives memory: 36K
[    1.257571] ftrace: allocating 32318 entries in 127 pages
[    1.377259] smpboot: APIC(0) Converting physical 0 to logical package 0
[    1.380974] smpboot: Max logical packages: 1
[    1.384274] x2apic enabled
[    1.386811] Switched APIC routing to physical x2apic.
[    1.391540] ..TIMER: vector=0x30 apic1=0 pin1=2 apic2=-1 pin2=-1
[    1.449888] APIC calibration not consistent with PM-Timer: 200ms instead of 100ms
[    1.452554] APIC delta adjusted to PM-Timer: 6249973 (12500663)
[    1.454494] smpboot: CPU0: Intel(R) Core(TM)2 Duo CPU     E8400  @ 3.00GHz (family: 0x6, model: 0x17, stepping: 0xa)
[    1.458160] Performance Events: unsupported p6 CPU model 23 no PMU driver, software events only.
[    1.662891] KVM setup paravirtual spinlock
[    1.681445] x86: Booted up 1 node, 1 CPUs
[    1.682898] smpboot: Total of 1 processors activated (5984.99 BogoMIPS)
[    1.685580] devtmpfs: initialized
[    1.689309] evm: security.selinux
[    1.690583] evm: security.SMACK64
[    1.691871] evm: security.SMACK64EXEC
[    1.693228] evm: security.SMACK64TRANSMUTE
[    1.694693] evm: security.SMACK64MMAP
[    1.696042] evm: security.ima
[    1.697263] evm: security.capability
[    1.698743] clocksource: jiffies: mask: 0xffffffff max_cycles: 0xffffffff, max_idle_ns: 7645041785100000 ns
[    1.757670] futex hash table entries: 256 (order: 2, 16384 bytes)
[    1.759712] pinctrl core: initialized pinctrl subsystem
[    1.761608] RTC time: 17:08:50, date: 08/23/19
[    1.763426] NET: Registered protocol family 16
[    1.765243] cpuidle: using governor ladder
[    1.766696] cpuidle: using governor menu
[    1.768124] PCCT header not found.
[    1.769508] ACPI: bus type PCI registered
[    1.770941] acpiphp: ACPI Hot Plug PCI Controller Driver version: 0.5
[    1.773078] PCI: Using configuration type 1 for base access
[    1.776431] ACPI: Added _OSI(Module Device)
[    1.777928] ACPI: Added _OSI(Processor Device)
[    1.779457] ACPI: Added _OSI(3.0 _SCP Extensions)
[    1.781066] ACPI: Added _OSI(Processor Aggregator Device)
[    1.783556] ACPI: Executed 1 blocks of module-level executable AML code
[    1.788098] ACPI: Interpreter enabled
[    1.789498] ACPI: (supports S0 S5)
[    1.790806] ACPI: Using IOAPIC for interrupt routing
[    1.792671] PCI: Using host bridge windows from ACPI; if necessary, use "pci=nocrs" and report a bug
[    1.800131] ACPI: PCI Root Bridge [PCI0] (domain 0000 [bus 00-ff])
[    1.802064] acpi PNP0A03:00: _OSC: OS supports [ASPM ClockPM Segments MSI]
[    1.804175] acpi PNP0A03:00: _OSC: not requesting OS control; OS requires [ExtendedConfig ASPM ClockPM MSI]
[    1.858118] acpi PNP0A03:00: fail to add MMCONFIG information, can't access extended PCI configuration space under this bridge.
[    1.872090] PCI host bridge to bus 0000:00
[    1.873558] pci_bus 0000:00: root bus resource [io  0x0000-0x0cf7 window]
[    1.875633] pci_bus 0000:00: root bus resource [io  0x0d00-0xffff window]
[    1.877713] pci_bus 0000:00: root bus resource [mem 0x000a0000-0x000bffff window]
[    1.880390] pci_bus 0000:00: root bus resource [mem 0x2d000000-0xfdffffff window]
[    1.883065] pci_bus 0000:00: root bus resource [bus 00-ff]
[    1.887195] pci 0000:00:01.1: legacy IDE quirk: reg 0x10: [io  0x01f0-0x01f7]
[    1.889379] pci 0000:00:01.1: legacy IDE quirk: reg 0x14: [io  0x03f6]
[    1.891384] pci 0000:00:01.1: legacy IDE quirk: reg 0x18: [io  0x0170-0x0177]
[    1.893553] pci 0000:00:01.1: legacy IDE quirk: reg 0x1c: [io  0x0376]
[    1.971455] pci 0000:00:07.0: quirk: [io  0x4000-0x403f] claimed by PIIX4 ACPI
[    1.981525] pci 0000:00:07.0: quirk: [io  0x4100-0x410f] claimed by PIIX4 SMB
[    1.990340] ACPI: PCI Interrupt Link [LNKA] (IRQs 5 9 10 *11)
[    2.065450] ACPI: PCI Interrupt Link [LNKB] (IRQs 5 9 *10 11)
[    2.067973] ACPI: PCI Interrupt Link [LNKC] (IRQs 5 *9 10 11)
[    2.070498] ACPI: PCI Interrupt Link [LNKD] (IRQs 5 9 10 *11)
[    2.073096] ACPI: Enabled 2 GPEs in block 00 to 07
[    2.075639] vgaarb: setting as boot device: PCI:0000:00:02.0
[    2.077449] vgaarb: device added: PCI:0000:00:02.0,decodes=io+mem,owns=io+mem,locks=none
[    2.080318] vgaarb: loaded
[    2.081468] vgaarb: bridge control possible 0000:00:02.0
[    2.083825] SCSI subsystem initialized
[    2.085603] ACPI: bus type USB registered
[    2.087096] usbcore: registered new interface driver usbfs
[    2.110287] usbcore: registered new interface driver hub
[    2.112037] usbcore: registered new device driver usb
[    2.114006] PCI: Using ACPI for IRQ routing
[    2.171986] NetLabel: Initializing
[    2.173336] NetLabel:  domain hash size = 128
[    2.174844] NetLabel:  protocols = UNLABELED CIPSOv4
[    2.176563] NetLabel:  unlabeled traffic allowed by default
[    2.178729] amd_nb: Cannot enumerate AMD northbridges
[    2.210500] clocksource: Switched to clocksource kvm-clock
[    2.275002] AppArmor: AppArmor Filesystem Enabled
[    2.300516] pnp: PnP ACPI init
[    2.303546] pnp: PnP ACPI: found 3 devices
[    2.312275] clocksource: acpi_pm: mask: 0xffffff max_cycles: 0xffffff, max_idle_ns: 2085701024 ns
[    2.315361] NET: Registered protocol family 2
[    2.317391] TCP established hash table entries: 8192 (order: 4, 65536 bytes)
[    2.319650] TCP bind hash table entries: 8192 (order: 5, 131072 bytes)
[    2.321723] TCP: Hash tables configured (established 8192 bind 8192)
[    2.379591] UDP hash table entries: 512 (order: 2, 16384 bytes)
[    2.381510] UDP-Lite hash table entries: 512 (order: 2, 16384 bytes)
[    2.383593] NET: Registered protocol family 1
[    2.385156] pci 0000:00:00.0: Limiting direct PCI/PCI transfers
[    2.387075] pci 0000:00:01.0: Activating ISA DMA hang workarounds
[    2.390632] Unpacking initramfs...
[    2.834626] Freeing initrd memory: 14832K
[    2.893074] clocksource: tsc: mask: 0xffffffffffffffff max_cycles: 0x2b2296bc2b9, max_idle_ns: 440795321505 ns
[    2.896450] platform rtc_cmos: registered platform RTC device (no PNP device found)
[    2.899509] Scanning for low memory corruption every 60 seconds
[    2.901822] audit: initializing netlink subsys (disabled)
[    2.903654] audit: type=2000 audit(1566580138.846:1): initialized
[    2.905994] Initialise system trusted keyring
[    2.907719] HugeTLB registered 2 MB page size, pre-allocated 0 pages
[    2.921855] zbud: loaded
[    2.923318] VFS: Disk quotas dquot_6.6.0
[    2.924802] VFS: Dquot-cache hash table entries: 512 (order 0, 4096 bytes)
[    2.927247] squashfs: version 4.0 (2009/01/31) Phillip Lougher
[    2.930337] fuse init (API version 7.23)
[    2.931966] Key type big_key registered
[    2.933396] Allocating IMA MOK and blacklist keyrings.
[    2.935533] Key type asymmetric registered
[    2.937053] Asymmetric key parser 'x509' registered
[    2.938727] Block layer SCSI generic (bsg) driver version 0.4 loaded (major 249)
[    2.992067] io scheduler noop registered
[    2.993557] io scheduler deadline registered (default)
[    2.995357] io scheduler cfq registered
[    2.996910] pci_hotplug: PCI Hot Plug PCI Core version: 0.5
[    2.998710] pciehp: PCI Express Hot Plug Controller Driver version: 0.4
[    3.000973] ACPI: AC Adapter [AC] (on-line)
[    3.002525] input: Power Button as /devices/LNXSYSTM:00/LNXPWRBN:00/input/input0
[    3.005256] ACPI: Power Button [PWRF]
[    3.006730] input: Sleep Button as /devices/LNXSYSTM:00/LNXSLPBN:00/input/input1
[    3.009392] ACPI: Sleep Button [SLPF]
[    3.011049] GHES: HEST is not enabled!
[    3.012555] Serial: 8250/16550 driver, 32 ports, IRQ sharing enabled
[    3.037852] 00:02: ttyS0 at I/O 0x3f8 (irq = 4, base_baud = 115200) is a 16550A
[    3.041882] Linux agpgart interface v0.103
[    3.096326] loop: module loaded
[    3.110833] scsi host0: ata_piix
[    3.112241] scsi host1: ata_piix
[    3.113553] ata1: PATA max UDMA/33 cmd 0x1f0 ctl 0x3f6 bmdma 0xd000 irq 14
[    3.115696] ata2: PATA max UDMA/33 cmd 0x170 ctl 0x376 bmdma 0xd008 irq 15
[    3.118490] libphy: Fixed MDIO Bus: probed
[    3.129996] tun: Universal TUN/TAP device driver, 1.6
[    3.131690] tun: (C) 1999-2004 Max Krasnyansky <maxk@qualcomm.com>
[    3.133672] PPP generic driver version 2.4.2
[    3.135254] ehci_hcd: USB 2.0 'Enhanced' Host Controller (EHCI) Driver
[    3.137317] ehci-pci: EHCI PCI platform driver
[    3.138927] ehci-platform: EHCI generic platform driver
[    3.140654] ohci_hcd: USB 1.1 'Open' Host Controller (OHCI) Driver
[    3.142598] ohci-pci: OHCI PCI platform driver
[    3.199898] ohci-platform: OHCI generic platform driver
[    3.201635] uhci_hcd: USB Universal Host Controller Interface driver
[    3.203707] i8042: PNP: PS/2 Controller [PNP0303:PS2K,PNP0f03:PS2M] at 0x60,0x64 irq 1,12
[    3.207262] serio: i8042 KBD port at 0x60,0x64 irq 1
[    3.208938] serio: i8042 AUX port at 0x60,0x64 irq 12
[    3.210764] mousedev: PS/2 mouse device common for all mice
[    3.213036] input: AT Translated Set 2 keyboard as /devices/platform/i8042/serio0/input/input2
[    3.216384] rtc_cmos rtc_cmos: rtc core: registered rtc_cmos as rtc0
[    3.218487] rtc_cmos rtc_cmos: alarms up to one day, 114 bytes nvram
[    3.220666] i2c /dev entries driver
[    3.222061] device-mapper: uevent: version 1.0.3
[    3.223753] device-mapper: ioctl: 4.34.0-ioctl (2015-10-28) initialised: dm-devel@redhat.com
[    3.226686] ledtrig-cpu: registered to indicate activity on CPUs
[    3.228993] NET: Registered protocol family 10
[    3.230882] NET: Registered protocol family 17
[    3.232498] Key type dns_resolver registered
[    3.234284] registered taskstats version 1
[    3.235817] Loading compiled-in X.509 certificates
[    3.238389] Loaded X.509 cert 'Build time autogenerated kernel key: d14182f9795b80ec340f636a5a08bf5817ccd8e7'
[    3.241711] zswap: loaded using pool lzo/zbud
[    3.305920] Key type trusted registered
[    3.330509] Key type encrypted registered
[    3.332039] AppArmor: AppArmor sha1 policy hashing enabled
[    3.333867] ima: No TPM chip found, activating TPM-bypass!
[    3.335692] ima: Allocated hash algorithm: sha1
[    3.337339] evm: HMAC attrs: 0x1
[    3.338972]   Magic number: 15:608:138
[    3.340474] rtc_cmos rtc_cmos: setting system clock to 2019-08-23 17:08:51 UTC (1566580131)
[    3.343467] BIOS EDD facility v0.16 2004-Jun-25, 0 devices found
[    3.345364] EDD information not available.
[    3.351912] Freeing unused kernel memory: 1488K
[    3.414538] Write protecting the kernel read-only data: 14336k
[    3.428668] Freeing unused kernel memory: 1608K
[    3.430546] Freeing unused kernel memory: 64K
Loading, please wait...
starting version 229
[    3.654768] random: systemd-udevd: uninitialized urandom read (16 bytes read, 3 bits of entropy available)
[    3.668056] random: udevadm: uninitialized urandom read (16 bytes read, 3 bits of entropy available)
[    3.717616] random: systemd-udevd: uninitialized urandom read (16 bytes read, 3 bits of entropy available)
[    3.720884] random: systemd-udevd: uninitialized urandom read (16 bytes read, 3 bits of entropy available)
[    3.724144] random: systemd-udevd: uninitialized urandom read (16 bytes read, 3 bits of entropy available)
[    3.730159] random: udevadm: uninitialized urandom read (16 bytes read, 3 bits of entropy available)
[    3.826823] random: systemd-udevd: uninitialized urandom read (16 bytes read, 3 bits of entropy available)
[    3.830924] random: systemd-udevd: uninitialized urandom read (16 bytes read, 3 bits of entropy available)
[    3.834165] random: systemd-udevd: uninitialized urandom read (16 bytes read, 3 bits of entropy available)
[    3.850809] random: systemd-udevd: uninitialized urandom read (16 bytes read, 3 bits of entropy available)
[    4.575401] Fusion MPT base driver 3.04.20
[    4.658767] Copyright (c) 1999-2008 LSI Corporation
[    4.755236] e1000: Intel(R) PRO/1000 Network Driver - version 7.3.21-k8-NAPI
[    4.760927] e1000: Copyright (c) 1999-2006 Intel Corporation.
[    4.878225] input: ImExPS/2 Generic Explorer Mouse as /devices/platform/i8042/serio1/input/input4
[    5.185536] Fusion MPT SPI Host driver 3.04.20
[    6.043944] e1000 0000:00:03.0 eth0: (PCI:33MHz:32-bit) 02:6a:5b:40:72:6f
[    6.051006] e1000 0000:00:03.0 eth0: Intel(R) PRO/1000 Network Connection
[    6.058696] e1000 0000:00:03.0 enp0s3: renamed from eth0
[    6.060577] mptbase: ioc0: Initiating bringup
[    6.123048] ioc0: LSI53C1030 A0: Capabilities={Initiator}
[    6.284215] scsi host2: ioc0: LSI53C1030 A0, FwRev=00000000h, Ports=1, MaxQ=256, IRQ=20
[    6.411590] scsi 2:0:0:0: Direct-Access     VBOX     HARDDISK         1.0  PQ: 0 ANSI: 5
[    6.414403] scsi target2:0:0: Beginning Domain Validation
[    6.417146] scsi target2:0:0: Domain Validation skipping write tests
[    6.419138] scsi target2:0:0: Ending Domain Validation
[    6.420881] scsi target2:0:0: asynchronous
[    6.422680] scsi 2:0:1:0: Direct-Access     VBOX     HARDDISK         1.0  PQ: 0 ANSI: 5
[    6.425517] scsi target2:0:1: Beginning Domain Validation
[    6.428289] scsi target2:0:1: Domain Validation skipping write tests
[    6.440285] scsi target2:0:1: Ending Domain Validation
[    6.442061] scsi target2:0:1: asynchronous
[    6.448526] sd 2:0:0:0: Attached scsi generic sg0 type 0
[    6.450375] sd 2:0:0:0: [sda] 20971520 512-byte logical blocks: (10.7 GB/10.0 GiB)
[    6.453985] sd 2:0:1:0: [sdb] 20480 512-byte logical blocks: (10.5 MB/10.0 MiB)
[    6.458166] sd 2:0:1:0: Attached scsi generic sg1 type 0
[    6.511051] sd 2:0:0:0: [sda] Write Protect is off
[    6.534463] sd 2:0:0:0: [sda] Incomplete mode parameter data
[    6.560377] sd 2:0:0:0: [sda] Assuming drive cache: write through
[    6.618136] sd 2:0:1:0: [sdb] Write Protect is off
[    6.619922] sd 2:0:1:0: [sdb] Incomplete mode parameter data
[    6.621730] sd 2:0:1:0: [sdb] Assuming drive cache: write through
[    6.634664]  sda: sda1
[    6.637056] sd 2:0:0:0: [sda] Attached SCSI disk
[    6.655137] sd 2:0:1:0: [sdb] Attached SCSI disk
Begin: Loading essential drivers ... [    9.983272] md: linear personality registered for level -1
[   10.059852] md: multipath personality registered for level -4
[   10.085619] md: raid0 personality registered for level 0
[   10.182923] md: raid1 personality registered for level 1
[   10.369501] raid6: sse2x1   gen()  4458 MB/s
[   10.474352] raid6: sse2x1   xor()  3875 MB/s
[   10.579376] raid6: sse2x2   gen()  4250 MB/s
[   10.684287] raid6: sse2x2   xor()  4657 MB/s
[   10.789465] raid6: sse2x4   gen()  6800 MB/s
[   10.894385] raid6: sse2x4   xor()  5334 MB/s
[   10.895960] raid6: using algorithm sse2x4 gen() 6800 MB/s
[   10.897730] raid6: .... xor() 5334 MB/s, rmw enabled
[   10.899386] raid6: using ssse3x2 recovery algorithm
[   10.909365] xor: measuring software checksum speed
[   11.048854]    prefetch64-sse: 29977.000 MB/sec
[   11.210555]    generic_sse: 22568.000 MB/sec
[   11.213091] xor: using function: prefetch64-sse (29977.000 MB/sec)
[   11.234863] async_tx: api initialized (async)
[   11.348783] md: raid6 personality registered for level 6
[   11.411233] md: raid5 personality registered for level 5
[   11.412967] md: raid4 personality registered for level 4
[   11.514576] md: raid10 personality registered for level 10
done.
Begin: Running /scripts/init-premount ... done.
Begin: Mounting root file system ... Begin: Running /scripts/local-top ... done.
Begin: Running /scripts/local-premount ... [   11.845831] Btrfs loaded
Scanning for Btrfs filesystems
done.
Warning: fsck not present, so skipping root file system
[   12.247172] EXT4-fs (sda1): mounted filesystem with ordered data mode. Opts: (null)
done.
Begin: Running /scripts/local-bottom ... done.
Begin: Running /scripts/init-bottom ... done.
[   13.228814] random: nonblocking pool is initialized
[   13.299754] systemd[1]: systemd 229 running in system mode. (+PAM +AUDIT +SELINUX +IMA +APPARMOR +SMACK +SYSVINIT +UTMP +LIBCRYPTSETUP +GCRYPT +GNUTLS +ACL +XZ -LZ4 +SECCOMP +BLKID +ELFUTILS +KMOD -IDN)
[   13.313490] systemd[1]: Detected virtualization oracle.
[   13.315265] systemd[1]: Detected architecture x86-64.

Welcome to [1mUbuntu 16.04.6 LTS[0m!

[   13.340706] systemd[1]: Set hostname to <ubuntu>.
[   13.365739] systemd[1]: Initializing machine ID from random generator.
[   13.381159] systemd[1]: Installed transient /etc/machine-id file.
[   14.669217] systemd[1]: Reached target User and Group Name Lookups.
[[0;32m  OK  [0m] Reached target User and Group Name Lookups.
[   14.738612] systemd[1]: Reached target Swap.
[[0;32m  OK  [0m] Reached target Swap.
[   14.752040] systemd[1]: Reached target System Time Synchronized.
[[0;32m  OK  [0m] Reached target System Time Synchronized.
[   14.756267] systemd[1]: Listening on Journal Socket (/dev/log).
[[0;32m  OK  [0m] Listening on Journal Socket (/dev/log).
[   14.760469] systemd[1]: Listening on LVM2 metadata daemon socket.
[[0;32m  OK  [0m] Listening on LVM2 metadata daemon socket.
[   14.764639] systemd[1]: Listening on Syslog Socket.
[[0;32m  OK  [0m] Listening on Syslog Socket.
[   14.768326] systemd[1]: Listening on udev Kernel Socket.
[[0;32m  OK  [0m] Listening on udev Kernel Socket.
[   14.772102] systemd[1]: Reached target Encrypted Volumes.
[[0;32m  OK  [0m] Reached target Encrypted Volumes.
[   14.777243] systemd[1]: Created slice User and Session Slice.
[[0;32m  OK  [0m] Created slice User and Session Slice.
[   14.781430] systemd[1]: Listening on Device-mapper event daemon FIFOs.
[[0;32m  OK  [0m] Listening on Device-mapper event daemon FIFOs.
[   14.860432] systemd[1]: Started Forward Password Requests to Wall Directory Watch.
[[0;32m  OK  [0m] Started Forward Password Requests to Wall Directory Watch.
[   14.866220] systemd[1]: Set up automount Arbitrary Executable File Formats File System Automount Point.
[[0;32m  OK  [0m] Set up automount Arbitrary Executab...ats File System Automount Point.
[   14.872259] systemd[1]: Listening on Journal Socket.
[[0;32m  OK  [0m] Listening on Journal Socket.
[   14.876130] systemd[1]: Listening on Journal Audit Socket.
[[0;32m  OK  [0m] Listening on Journal Audit Socket.
[   14.880153] systemd[1]: Listening on udev Control Socket.
[[0;32m  OK  [0m] Listening on udev Control Socket.
[   14.884073] systemd[1]: Listening on LVM2 poll daemon socket.
[[0;32m  OK  [0m] Listening on LVM2 poll daemon socket.
[   14.889053] systemd[1]: Created slice System Slice.
[[0;32m  OK  [0m] Created slice System Slice.
[   14.896507] systemd[1]: Mounting Huge Pages File System...
         Mounting Huge Pages File System...
[   14.966755] systemd[1]: Starting Load Kernel Modules...
         Starting Load Kernel Modules...
[   15.075969] systemd[1]: Starting Set console keymap...
         Starting Set console keymap...
[   15.098052] systemd[1]: Starting Journal Service...
         Starting Journal Service...
[   15.182711] Loading iSCSI transport class v2.0-870.
[   15.192048] systemd[1]: Starting Create list of required static device nodes for the current kernel...
         Starting Create list of required st... nodes for the current kernel...
[   15.271360] systemd[1]: Starting Nameserver information manager...
         Starting Nameserver information manager...
[   15.456767] systemd[1]: Starting Uncomplicated firewall...
         Starting Uncomplicated firewall...
[   15.562060] systemd[1]: Mounting Debug File System...
[   15.581037] iscsi: registered transport (tcp)
         Mounting Debug File System...
[   15.608812] systemd[1]: Reached target Slices.
[[0;32m  OK  [0m] Reached target Slices.
[   15.675192] systemd[1]: Started Trigger resolvconf update for networkd DNS.
[[0;32m  OK  [0m] Started Trigger resolvconf update for networkd DNS.
[   15.701655] systemd[1]: Mounting POSIX Message Queue File System...
         Mounting POSIX Message Queue File System...
[   16.084160] systemd[1]: Starting Remount Root and Kernel File Systems...
         Starting Remount Root and Kernel File Systems...
[   16.171683] systemd[1]: Created slice system-serial\x2dgetty.slice.
[[0;32m  OK  [0m] Created slice system-serial\x2dgetty.slice.
[   16.182083] systemd[1]: Starting Monitoring of LVM2 mirrors, snapshots etc. using dmeventd or progress polling...
         Starting Monitoring of LVM2 mirrors... dmeventd or progress polling...
[   16.198586] systemd[1]: Listening on /dev/initctl Compatibility Named Pipe.
[[0;32m  OK  [0m] Listening on /dev/initctl Compatibility Named Pipe.
[   16.285864] systemd[1]: Mounted Huge Pages File System.
[[0;32m  OK  [0m] Mounted Huge Pages File System.
[   16.305464] systemd[1]: Mounted POSIX Message Queue File System.
[[0;32m  OK  [0m] Mounted POSIX Message Queue File System.
[   16.318333] systemd[1]: Mounted Debug File System.
[   16.413056] iscsi: registered transport (iser)
[[0;32m  OK  [0m] Mounted Debug File System.
[   16.490137] systemd[1]: Started Create list of required static device nodes for the current kernel.
[[0;32m  OK  [0m] Started Create list of required sta...ce nodes for the current kernel.
[   16.514544] systemd[1]: Started Uncomplicated firewall.
[[0;32m  OK  [0m] Started Uncomplicated firewall.
[   16.601431] systemd[1]: Started Load Kernel Modules.
[[0;32m  OK  [0m] Started Load Kernel Modules.
[   16.622511] systemd[1]: Started Nameserver information manager.
[[0;32m  OK  [0m] Started Nameserver information manager.
[   16.794572] EXT4-fs (sda1): re-mounted. Opts: (null)
[   16.902495] systemd[1]: Started Journal Service.
[[0;32m  OK  [0m] Started Journal Service.
[[0;32m  OK  [0m] Started Remount Root and Kernel File Systems.
[[0;32m  OK  [0m] Started Set console keymap.
         Starting udev Coldplug all Devices...
         Starting Load/Save Random Seed...
         Starting Flush Journal to Persistent Storage...
[[0;32m  OK  [0m] Started LVM2 metadata daemon.
         Mounting FUSE Control File System...
         Starting Apply Kernel Variables...
         Starting Create Static Device Nodes in /dev...
[[0;32m  OK  [0m] Mounted FUSE Control File System.
[[0;32m  OK  [0m] Started Load/Save Random Seed.
[[0;32m  OK  [0m] Started Apply Kernel Variables.
[[0;32m  OK  [0m] Started Monitoring of LVM2 mirrors,...ng dmeventd or progress polling.
[[0;32m  OK  [0m] Started Create Static Device Nodes in /dev.
         Starting udev Kernel Device Manager...
[[0;32m  OK  [0m] Reached target Local File Systems (Pre).
[[0;32m  OK  [0m] Reached target Local File Systems.
         Starting Commit a transient machine-id on disk...
         Starting Set console font and keymap...
         Starting Tell Plymouth To Write Out Runtime Data...
         Starting LSB: AppArmor initialization...
         Starting Initial cloud-init job (pre-networking)...
[[0;32m  OK  [0m] Started Flush Journal to Persistent Storage.
[[0;32m  OK  [0m] Started Commit a transient machine-id on disk.
[[0;32m  OK  [0m] Started Tell Plymouth To Write Out Runtime Data.
         Starting Create Volatile Files and Directories...
[[0;32m  OK  [0m] Started Create Volatile Files and Directories.
         Starting Update UTMP about System Boot/Shutdown...
[[0;32m  OK  [0m] Started udev Coldplug all Devices.
[[0;32m  OK  [0m] Started Update UTMP about System Boot/Shutdown.
[[0;32m  OK  [0m] Started udev Kernel Device Manager.
[[0;32m  OK  [0m] Started Dispatch Password Requests to Console Directory Watch.
[[0;32m  OK  [0m] Found device /dev/ttyS0.
[[0;32m  OK  [0m] Listening on Load/Save RF Kill Switch Status /dev/rfkill Watch.
[[0;32m  OK  [0m] Started LSB: AppArmor initialization.
[   32.226357] [[0;32m  OK  [0m] Started Initial cloud-init job (pre-networking).
cloud-init[465]: Cloud-init v. 19.1-1-gbaa47854-0ubuntu1~16.04.1 running 'init-local' at Fri, 23 Aug 2019 17:09:17 +0000. Up 27.96 seconds.
[[0;32m  OK  [0m] Reached target Network (Pre).
         Starting Raise network interfaces...
[[0;32m  OK  [0m] Started Set console font and keymap.
[[0;32m  OK  [0m] Created slice system-getty.slice.
[[0;32m  OK  [0m] Started Raise network interfaces.
[[0;32m  OK  [0m] Reached target Network.
         Starting Initial cloud-init job (metadata service crawler)...
[   43.798273] cloud-init[938]: Cloud-init v. 19.1-1-gbaa47854-0ubuntu1~16.04.1 running 'init' at Fri, 23 Aug 2019 17:09:30 +0000. Up 40.31 seconds.
[   43.813021] cloud-init[938]: ci-info: ++++++++++++++++++++++++++++++++++++++Net device info++++++++++++++++++++++++++++++++++++++
[   43.816595] cloud-init[938]: ci-info: +--------+------+----------------------------+---------------+--------+-------------------+
[   43.821836] cloud-init[938]: ci-info: | Device |  Up  |          Address           |      Mask     | Scope  |     Hw-Address    |
[   43.831282] cloud-init[938]: ci-info: +--------+------+----------------------------+---------------+--------+-------------------+
[   43.840919] cloud-init[938]: ci-info: | enp0s3 | True |         10.0.2.15          | 255.255.255.0 | global | 02:6a:5b:40:72:6f |
[   43.844732] cloud-init[938]: ci-info: | enp0s3 | True | fe80::6a:5bff:fe40:726f/64 |       .       |  link  | 02:6a:5b:40:72:6f |
[   44.008721] cloud-init[938]: ci-info: |   lo   | True |         127.0.0.1          |   255.0.0.0   |  host  |         .         |
[   44.025823] cloud-init[938]: ci-info: |   lo   | True |          ::1/128           |       .       |  host  |         .         |
[   44.032837] cloud-init[938]: ci-info: +--------+------+----------------------------+---------------+--------+-------------------+
[   44.041006] cloud-init[938]: ci-info: +++++++++++++++++++++++++++Route IPv4 info++++++++++++++++++++++++++++
[   44.116538] cloud-init[938]: ci-info: +-------+-------------+----------+---------------+-----------+-------+
[   44.127917] cloud-init[938]: ci-info: | Route | Destination | Gateway  |    Genmask    | Interface | Flags |
[   44.150007] cloud-init[938]: ci-info: +-------+-------------+----------+---------------+-----------+-------+
[   44.212364] cloud-init[938]: ci-info: |   0   |   0.0.0.0   | 10.0.2.2 |    0.0.0.0    |   enp0s3  |   UG  |
[   44.227737] cloud-init[938]: ci-info: |   1   |   10.0.2.0  | 0.0.0.0  | 255.255.255.0 |   enp0s3  |   U   |
[[0;32m  OK  [0m] Started Initial cloud-init job (metadata service crawler).
[   44.239698] cloud-init[938]: ci-info: +-------+-------------+----------+---------------+-----------+-------+
[   44.257742] cloud-init[938]: ci-info: +++++++++++++++++++Route IPv6 info+++++++++++++++++++
[   44.260530] cloud-init[938]: ci-info: +-------+-------------+---------+-----------+-------+
[[0;32m  OK  [0m[   44.268740] cloud-init[938]: ci-info: | Route | Destination | Gateway | Interface | Flags |
[   44.269853] cloud-init[938]: ci-info: +-------+-------------+---------+-----------+-------+
[   44.270144] cloud-init[938]: ci-info: |   0   |  fe80::/64  |    ::   |   enp0s3  |   U   |
] Reached target Network is Online.
[   44.307441] cloud-init[938]: ci-info: |   4   |   ff00::/8  |    ::   |   enp0s3  |   U   |
[   44.359188] cloud-init[938]: ci-info: +-------+-------------+---------+-----------+-------+
[   44.376500] cloud-init[938]: Generating public/private rsa key pair.
         Starting iSCSI initiator daemon (iscsid)...[   44.454325] cloud-init[938]: Your identification has been saved in /etc/ssh/ssh_host_rsa_key.
[[0;32m  OK  [0m] Reached target System Initialization.

[   44.470413] cloud-init[[0;32m  OK  [0m] Started Daily apt download activities.
[[0;32m  OK  [0m] Listening on ACPID Listen Socket.
[[0;32m  OK  [0m[938]: Your public key has been saved in /etc/ssh/ssh_host_rsa_key.pub.
[   44.487089] cloud-init[938]: ] Listening on D-Bus System Message Bus Socket.
[[0;32m  OK  [0m] Listening on UUID daemon activation socket.
The key fingerprint is:
         Starting LXD - unix socket.
[[0;32m  OK  [0m[   44.559294] cloud-init[938]: SHA256:fyCPsKGC3KAtOYumu5cTBz0HKDOKeqffQEsJtisZ0Lw root@ubuntu-xenial
[   44.566547] cloud-init[938]: The key's randomart image is:
[   44.567111] cloud-init[938]: +---[RSA 2048]----+
[   44.567420] cloud-init[938]: |   .             |
[   44.567672] cloud-init[938]: |+o. .            |
[   44.567933] cloud-init[938]: |++=. .           |
[   44.568163] cloud-init[938]: |+..+o..          |
] Started Daily Cleanup of Temporary Directories.
[   44.568531] cloud-init[938]: |o.E.+oo S .      |
[   44.617630] cloud-init[938]: |+*=+oo + = .     |
[[0;32m  OK  [0m] Started ACPI Events Check.
[[0;32m  OK  [0m[   44.624797] cloud-init[938]: |Oo+B+ . . o .    |
[   44.627339] cloud-init] Reached target Paths.
[[0;32m  OK  [0m] Started Daily apt upgrade and clean activities.[938]: |.*=. o     .     |
[   44.634372] cloud-init[938]: |O+ o. .          |
[   44.634696] cloud-init[938]: +----[SHA256]-----+
[   44.634933] cloud-init[938]: Generating public/private dsa key pair.
[   44.635168] cloud-init[938]: Your identification has been saved in /etc/ssh/ssh_host_dsa_key.
[   44.635403] cloud-init[938]: Your public key has been saved in /etc/ssh/ssh_host_dsa_key.pub.
[   44.635638] cloud-init[938]: The key fingerprint is:
[   44.635873] cloud-init[938]: SHA256:udEZn1cAhJR/+q2c5qfprFXoNcQ1oJKqS8y5Jq6cckw root@ubuntu-xenial
[   44.636118] cloud-init[938]: The key's randomart image is:
[   44.636353] cloud-init[938]: +---[DSA 1024]----+
[   44.636586] cloud-init[938]: |         ..+ooo..|

[   44.637913] cloud-init[938]: |          + . ..o|
[   44.802836] cloud-init[938]: |         o.o   o.|
[   44.803728] cloud-init[938]: |        .o.+..oo |
[[0;32m  OK  [0m] Reached target Timers.
[   44.804383] cloud-init[938]: |       .S o ooo.o|
[   44.827793] cloud-init[938]: |  E o o  o  .o o.|
[   44.828089] cloud-init[938]: | o   *  .    .o. |
[   44.828366] cloud-init[938]: |o +...o      +ooo|
[   44.828910] cloud-init[938]: |.=o.oo      .=X+ |
[   44.829230] cloud-init[938]: +----[SHA256]-----+
[   44.829502] cloud-init[938]: Generating public/private ecdsa key pair.
[   44.829774] cloud-init[938]: Your identification has been saved in /etc/ssh/ssh_host_ecdsa_key.
[   44.830076] cloud-init[938]: Your public key has been saved in /etc/ssh/ssh_host_ecdsa_key.pub.
[   44.830360] cloud-init[938]: The key fingerprint is:
[   44.830636] cloud-init[938]: SHA256:sf6p47ZA8mvd/8gmYd972qRFBivZbCqsPrmMXldp0y4 root@ubuntu-xenial
[   44.830888] cloud-init[938]: The key's randomart image is:
[   44.831169] cloud-init[938]: +---[ECDSA 256]---+
[   44.831436] cloud-init[938]: |                 |
[   44.831722] cloud-init[938]: |                 |
[   44.832043] cloud-init[938]: |        .     .  |
         Starting Socket activation for snappy daemon.
[   44.832461] cloud-init[938]: |         o   * o |
[   44.927506] [[0;32m  OK  [0m] Reached target Cloud-config availability.
cloud-init[938]: |    . . S   B * o|
[   44.944612] cloud-init[938]: |     + . .oo * o |
[   44.951842] cloud-init[938]: |      o.o++oE.. o|
[   44.958310] cloud-init[938]: |      .**+o+oo.=.|
[[0;32m  OK  [0m] Listening on LXD - unix socket.
[[0;32m  OK  [0m] Listening on Socket activation for snappy daemon.
[   44.978732] cloud-init[938]: |     o++O*o++.=+.|
[   45.047731] cloud-init[938]: +----[SHA256]-----+
[   45.052606] cloud-init[938]: Generating public/private ed25519 key pair.
[   45.060555] cloud-init[938]: Your identification has been saved in /etc/ssh/ssh_host_ed25519_key.
[[   45.084848] cloud-init[938]: Your public key has been saved in /etc/ssh/ssh_host_ed25519_key.pub.
[   45.085557] cloud-init[938]: The key fingerprint is:
[   45.085798] cloud-init[938]: SHA256:xWVTSLuRZ6CVrRiQFPKpFmbXUM4UizACyzExj1jlLTQ root@ubuntu-xenial
[   45.086106] cloud-init[938]: The key's randomart image is:
[   45.086344] cloud-init[938]: +--[ED25519 256]--+
[   45.086576] cloud-init[938]: |  B+E +.==+oB=.  |
[   45.086809] cloud-init[938]: | + X + =.X.*o=.  |
[   45.087038] cloud-init[938]: |. + + = = Oo+.o  |
[   45.087281] cloud-init[938]: |     + + .. .=   |
[   45.087527] cloud-init[938]: |      o S   .    |
[   45.087763] cloud-init[938]: |     .           |
[   45.087996] cloud-init[938]: |                 |
[   45.088233] cloud-init[938]: |                 |
[0;32m  OK  [0m] Started iSCSI initiator daemon (iscsid).
[   45.136146] cloud-init[938]: |                 |
[   45.180935] cloud-init[938]: +----[SHA256]-----+
         Starting Login to default iSCSI targets...
[[0;32m  OK  [0m] Reached target Sockets.
[[0;32m  OK  [0m] Reached target Basic System.
[[0;32m  OK  [0m] Started Deferred execution scheduler.
         Starting LSB: Record successful boot for GRUB...
         Starting LSB: MD monitoring daemon...
[[0;32m  OK  [0m] Started Regular background program processing daemon.
[[0;32m  OK  [0m] Started D-Bus System Message Bus.
[[0;32m  OK  [0m] Started FUSE filesystem for LXC.
         Starting Pollinate to seed the pseudo random number generator...
         Starting Virtualbox guest utils...
         Starting System Logging Service...
         Starting Snappy daemon...
[[0;32m  OK  [0m] Started ACPI event daemon.
         Starting /etc/rc.local Compatibility...
         Starting Accounts Service...
         Starting Login Service...
         Starting LXD - container startup/shutdown...
[[0;32m  OK  [0m] Started System Logging Service.
[[0;32m  OK  [0m] Started /etc/rc.local Compatibility.
[[0;32m  OK  [0m] Started Login Service.
[[0;32m  OK  [0m] Started Unattended Upgrades Shutdown.
[[0;32m  OK  [0m] Started Login to default iSCSI targets.
[[0;32m  OK  [0m] Reached target Remote File Systems (Pre).
[[0;32m  OK  [0m] Reached target Remote File Systems.
         Starting LSB: automatic crash report generation...
         Starting LSB: daemon to balance interrupts for SMP systems...
         Starting LSB: Set the CPU Frequency Scaling governor to "ondemand"...
         Starting Permit User Sessions...
[[0;32m  OK  [0m] Started Permit User Sessions.
         Starting Authenticate and Authorize Users to Run Privileged Tasks...
         Starting Terminate Plymouth Boot Screen...
         Starting Hold until boot process finishes up...
[[0;32m  OK  [0m] Started Terminate Plymouth Boot Screen.
[[0;32m  OK  [0m] Started LSB: Record successful boot for GRUB.
[[0;32m  OK  [0m] Started Hold until boot process finishes up.
[[0;32m  OK  [0m] Started Authenticate and Authorize Users to Run Privileged Tasks.
[[0;32m  OK  [0m] Started LSB: MD monitoring daemon.
[[0;32m  OK  [0m] Started LSB: Set the CPU Frequency Scaling governor to "ondemand".
[[0;32m  OK  [0m] Started LXD - container startup/shutdown.
[[0;32m  OK  [0m] Started Accounts Service.
[[0;32m  OK  [0m] Started Getty on tty1.
         Starting Set console scheme...
[[0;32m  OK  [0m] Started Serial Getty on ttyS0.
[[0;32m  OK  [0m] Reached target Login Prompts.
[[0;32m  OK  [0m] Started Set console scheme.
[[0;32m  OK  [0m] Started LSB: automatic crash report generation.
[[0;32m  OK  [0m] Started Virtualbox guest utils.
[[0;32m  OK  [0m] Started LSB: daemon to balance interrupts for SMP systems.
[[0;32m  OK  [0m] Started Snappy daemon.
         Starting Wait until snapd is fully seeded...
[[0;32m  OK  [0m] Started Pollinate to seed the pseudo random number generator.
         Starting OpenBSD Secure Shell server...
[[0;32m  OK  [0m] Started OpenBSD Secure Shell server.
[[0;32m  OK  [0m] Created slice User Slice of vagrant.
         Starting User Manager for UID 1000...
[[0;32m  OK  [0m] Started Session 1 of user vagrant.
[[0;32m  OK  [0m] Started User Manager for UID 1000.

Ubuntu 16.04.6 LTS ubuntu-xenial ttyS0

ubuntu-xenial login: [   63.705442] cloud-init[1403]: Generating locales (this might take a while)...
[   71.794871] cloud-init[1403]:   en_US.UTF-8... done
[   71.800812] cloud-init[1403]: Generation complete.
[   76.106267] cloud-init[1403]: Cloud-init v. 19.1-1-gbaa47854-0ubuntu1~16.04.1 running 'modules:config' at Fri, 23 Aug 2019 17:09:51 +0000. Up 62.19 seconds.
ci-info: no authorized ssh keys fingerprints found for user ubuntu.
<14>Aug 23 17:10:09 ec2: 
<14>Aug 23 17:10:09 ec2: #############################################################
<14>Aug 23 17:10:09 ec2: -----BEGIN SSH HOST KEY FINGERPRINTS-----
<14>Aug 23 17:10:09 ec2: 1024 SHA256:udEZn1cAhJR/+q2c5qfprFXoNcQ1oJKqS8y5Jq6cckw root@ubuntu-xenial (DSA)
<14>Aug 23 17:10:09 ec2: 256 SHA256:sf6p47ZA8mvd/8gmYd972qRFBivZbCqsPrmMXldp0y4 root@ubuntu-xenial (ECDSA)
<14>Aug 23 17:10:09 ec2: 256 SHA256:xWVTSLuRZ6CVrRiQFPKpFmbXUM4UizACyzExj1jlLTQ root@ubuntu-xenial (ED25519)
<14>Aug 23 17:10:09 ec2: 2048 SHA256:fyCPsKGC3KAtOYumu5cTBz0HKDOKeqffQEsJtisZ0Lw root@ubuntu-xenial (RSA)
<14>Aug 23 17:10:09 ec2: -----END SSH HOST KEY FINGERPRINTS-----
<14>Aug 23 17:10:09 ec2: #############################################################
-----BEGIN SSH HOST KEY KEYS-----
ecdsa-sha2-nistp256 AAAAE2VjZHNhLXNoYTItbmlzdHAyNTYAAAAIbmlzdHAyNTYAAABBBNOgEHU/H33FfXuZL7YsWYNXh0UrDXHrMbDwBmfKEGMdRQkciiKGACFfVyg3jyho6D1L9qUSDB8L9tKdp1MtO18= root@ubuntu-xenial
ssh-ed25519 AAAAC3NzaC1lZDI1NTE5AAAAIG0s1/KehmNjudc0REl6P2A9WhB8/6HBQucVFjgaxBYc root@ubuntu-xenial
ssh-rsa AAAAB3NzaC1yc2EAAAADAQABAAABAQDLnCMSYt5uAQFSgpRSDinHMUm9NOF/xJz0zIove8zmKEMOfmChTxvEPBYpCvujSCKL9mii+f/P65M8DJRecv948RyIkUgqYcY4MOd5AOT8aq8VxAQJ31825i08ThLI++7dTQRWx9hdyZydSQv5+nqx2qPyHBgR58uDfllzrr9157zBuz2vsf4wLqGSmzMm6LjQqTxTZXLTiM3PHetjYlaaScvT6oQQOpjqr19odhQPion1UzMZC9BAMifmTycWQzt3XuKPN3/K6Lsa3b2WQ6qch0+vhVpnLP97ePq3CLrsqxA9G7HAhHKv4ZgBvIjKAcHuzfT8KkKHnz3EUTfjZq+b root@ubuntu-xenial
-----END SSH HOST KEY KEYS-----
[   80.555831] cloud-init[1602]: Cloud-init v. 19.1-1-gbaa47854-0ubuntu1~16.04.1 running 'modules:final' at Fri, 23 Aug 2019 17:10:08 +0000. Up 78.70 seconds.
[   80.556886] cloud-init[1602]: ci-info: no authorized ssh keys fingerprints found for user ubuntu.
[   80.557473] cloud-init[1602]: Cloud-init v. 19.1-1-gbaa47854-0ubuntu1~16.04.1 finished at Fri, 23 Aug 2019 17:10:10 +0000. Datasource DataSourceNoCloud [seed=/dev/sdb][dsmode=net].  Up 80.36 seconds
